TN:
SF:src/config/auth.config.ts
FNF:0
FNH:0
DA:1,1
LF:1
LH:1
BRF:0
BRH:0
end_of_record
TN:
SF:src/controllers/auth.controller.ts
FN:5,register
FN:12,login
FN:19,refreshToken
FN:26,logout
FN:33,me
FN:41,changePassword
FN:52,listUsers
FN:57,health
FNF:8
FNH:4
FNDA:1,register
FNDA:1,login
FNDA:1,refreshToken
FNDA:1,logout
FNDA:0,me
FNDA:0,changePassword
FNDA:0,listUsers
FNDA:0,health
DA:2,1
DA:3,1
DA:5,1
DA:6,1
DA:7,1
DA:8,1
DA:9,1
DA:12,1
DA:13,1
DA:14,1
DA:15,1
DA:16,1
DA:19,1
DA:20,1
DA:21,1
DA:22,1
DA:23,1
DA:26,1
DA:27,1
DA:28,1
DA:29,1
DA:30,1
DA:33,1
DA:34,0
DA:35,0
DA:36,0
DA:37,0
DA:38,0
DA:41,1
DA:42,0
DA:47,0
DA:48,0
DA:49,0
DA:52,1
DA:53,0
DA:54,0
DA:57,1
DA:58,0
LF:38
LH:26
BRDA:7,0,0,0
BRDA:7,1,0,1
BRDA:7,1,1,1
BRDA:8,2,0,1
BRDA:8,2,1,0
BRDA:14,3,0,0
BRDA:14,4,0,1
BRDA:14,4,1,1
BRDA:21,5,0,0
BRDA:28,6,0,0
BRDA:34,7,0,0
BRDA:34,7,1,0
BRDA:35,8,0,0
BRDA:35,8,1,0
BRDA:36,9,0,0
BRDA:47,10,0,0
BRDA:47,11,0,0
BRDA:47,11,1,0
BRDA:47,11,2,0
BRF:19
BRH:5
end_of_record
TN:
SF:src/controllers/documents.controller.ts
FN:9,list
FN:51,getById
FN:73,create
FN:93,update
FN:118,remove
FN:141,search
FN:185,versions
FN:210,getVersion
FN:236,revertToVersion
FN:272,categories
FN:288,sources
FNF:11
FNH:5
FNDA:2,list
FNDA:2,getById
FNDA:1,create
FNDA:2,update
FNDA:0,remove
FNDA:2,search
FNDA:0,versions
FNDA:0,getVersion
FNDA:0,revertToVersion
FNDA:0,categories
FNDA:0,sources
DA:2,1
DA:3,1
DA:4,1
DA:9,1
DA:10,2
DA:19,2
DA:21,2
DA:31,1
DA:40,1
DA:41,1
DA:51,1
DA:52,2
DA:53,2
DA:54,2
DA:56,2
DA:57,1
DA:60,1
DA:62,0
DA:63,0
DA:73,1
DA:74,1
DA:75,1
DA:76,1
DA:78,1
DA:80,1
DA:82,0
DA:83,0
DA:93,1
DA:94,2
DA:95,2
DA:96,2
DA:97,2
DA:99,2
DA:101,2
DA:102,1
DA:105,1
DA:107,0
DA:108,0
DA:118,1
DA:119,0
DA:120,0
DA:122,0
DA:124,0
DA:125,0
DA:128,0
DA:130,0
DA:131,0
DA:141,1
DA:142,2
DA:150,2
DA:152,2
DA:153,1
DA:156,1
DA:164,1
DA:174,0
DA:175,0
DA:185,1
DA:186,0
DA:187,0
DA:190,0
DA:191,0
DA:192,0
DA:195,0
DA:197,0
DA:199,0
DA:200,0
DA:210,1
DA:211,0
DA:212,0
DA:214,0
DA:219,0
DA:220,0
DA:223,0
DA:225,0
DA:226,0
DA:236,1
DA:237,0
DA:238,0
DA:239,0
DA:241,0
DA:247,0
DA:248,0
DA:252,0
DA:259,0
DA:261,0
DA:262,0
DA:272,1
DA:273,0
DA:274,0
DA:275,0
DA:277,0
DA:278,0
DA:288,1
DA:289,0
DA:290,0
DA:291,0
DA:293,0
DA:294,0
LF:98
LH:45
BRDA:12,0,0,2
BRDA:13,1,0,2
BRDA:17,2,0,2
BRDA:18,3,0,2
BRDA:56,4,0,1
BRDA:75,5,0,1
BRDA:75,5,1,0
BRDA:96,6,0,2
BRDA:96,6,1,0
BRDA:101,7,0,1
BRDA:124,8,0,0
BRDA:145,9,0,2
BRDA:146,10,0,2
BRDA:147,11,0,2
BRDA:148,12,0,2
BRDA:152,13,0,1
BRDA:152,14,0,2
BRDA:152,14,1,1
BRDA:191,15,0,0
BRDA:219,16,0,0
BRDA:239,17,0,0
BRDA:239,17,1,0
BRDA:247,18,0,0
BRF:23
BRH:15
end_of_record
TN:
SF:src/controllers/websocket.controller.ts
FN:19,attachSocket
FN:32,setupSocketEvents
FN:33,(anonymous_2)
FN:37,(anonymous_3)
FN:55,(anonymous_4)
FN:76,(anonymous_5)
FN:82,(anonymous_6)
FN:92,(anonymous_7)
FN:110,(anonymous_8)
FN:115,(anonymous_9)
FN:124,(anonymous_10)
FN:129,(anonymous_11)
FN:133,(anonymous_12)
FN:150,emitSystemEvent
FN:160,emitDocumentEvent
FN:171,getSocketIO
FN:176,getConnectedUsers
FN:181,info
FNF:18
FNH:0
FNDA:0,attachSocket
FNDA:0,setupSocketEvents
FNDA:0,(anonymous_2)
FNDA:0,(anonymous_3)
FNDA:0,(anonymous_4)
FNDA:0,(anonymous_5)
FNDA:0,(anonymous_6)
FNDA:0,(anonymous_7)
FNDA:0,(anonymous_8)
FNDA:0,(anonymous_9)
FNDA:0,(anonymous_10)
FNDA:0,(anonymous_11)
FNDA:0,(anonymous_12)
FNDA:0,emitSystemEvent
FNDA:0,emitDocumentEvent
FNDA:0,getSocketIO
FNDA:0,getConnectedUsers
FNDA:0,info
DA:2,3
DA:4,3
DA:5,3
DA:8,3
DA:17,3
DA:19,3
DA:20,0
DA:21,0
DA:28,0
DA:29,0
DA:33,0
DA:34,0
DA:37,0
DA:38,0
DA:39,0
DA:40,0
DA:43,0
DA:49,0
DA:50,0
DA:51,0
DA:55,0
DA:56,0
DA:57,0
DA:58,0
DA:59,0
DA:62,0
DA:63,0
DA:64,0
DA:66,0
DA:72,0
DA:76,0
DA:77,0
DA:78,0
DA:80,0
DA:81,0
DA:82,0
DA:84,0
DA:92,0
DA:93,0
DA:94,0
DA:95,0
DA:96,0
DA:99,0
DA:100,0
DA:110,0
DA:111,0
DA:115,0
DA:120,0
DA:124,0
DA:125,0
DA:129,0
DA:130,0
DA:131,0
DA:133,0
DA:134,0
DA:140,0
DA:141,0
DA:144,0
DA:150,3
DA:151,0
DA:152,0
DA:156,0
DA:160,3
DA:161,0
DA:162,0
DA:163,0
DA:171,3
DA:172,0
DA:176,3
DA:177,0
DA:181,3
DA:182,0
LF:72
LH:11
BRDA:20,0,0,0
BRDA:38,1,0,0
BRDA:38,2,0,0
BRDA:38,2,1,0
BRDA:57,3,0,0
BRDA:78,4,0,0
BRDA:94,5,0,0
BRDA:131,6,0,0
BRDA:151,7,0,0
BRDA:161,8,0,0
BRF:10
BRH:0
end_of_record
TN:
SF:src/middleware/error.middleware.ts
FN:7,(anonymous_0)
FN:15,errorHandler
FNF:2
FNH:0
FNDA:0,(anonymous_0)
FNDA:0,errorHandler
DA:2,1
DA:4,1
DA:8,0
DA:9,0
DA:10,0
DA:15,1
DA:16,0
DA:17,0
DA:18,0
DA:20,0
DA:21,0
LF:11
LH:3
BRDA:16,0,0,0
BRDA:18,1,0,0
BRDA:18,1,1,0
BRF:3
BRH:0
end_of_record
TN:
SF:src/services/auth.service.ts
FN:9,signTokens
FN:27,(anonymous_2)
FN:43,(anonymous_3)
FN:84,(anonymous_4)
FN:93,(anonymous_5)
FN:98,(anonymous_6)
FN:109,(anonymous_7)
FN:119,(anonymous_8)
FNF:8
FNH:0
FNDA:0,signTokens
FNDA:0,(anonymous_2)
FNDA:0,(anonymous_3)
FNDA:0,(anonymous_4)
FNDA:0,(anonymous_5)
FNDA:0,(anonymous_6)
FNDA:0,(anonymous_7)
FNDA:0,(anonymous_8)
DA:1,1
DA:2,1
DA:3,1
DA:4,1
DA:5,1
DA:6,1
DA:7,1
DA:10,0
DA:13,0
DA:16,0
DA:17,0
DA:23,0
DA:26,1
DA:28,0
DA:29,0
DA:30,0
DA:31,0
DA:39,0
DA:40,0
DA:44,0
DA:45,0
DA:49,0
DA:50,0
DA:53,0
DA:57,0
DA:58,0
DA:59,0
DA:62,0
DA:63,0
DA:64,0
DA:65,0
DA:66,0
DA:67,0
DA:69,0
DA:70,0
DA:72,0
DA:74,0
DA:78,0
DA:80,0
DA:81,0
DA:85,0
DA:86,0
DA:87,0
DA:88,0
DA:89,0
DA:90,0
DA:94,0
DA:95,0
DA:99,0
DA:100,0
DA:101,0
DA:105,0
DA:106,0
DA:110,0
DA:111,0
DA:112,0
DA:113,0
DA:114,0
DA:115,0
DA:116,0
DA:120,0
DA:121,0
LF:62
LH:8
BRDA:50,0,0,0
BRDA:58,1,0,0
BRDA:58,2,0,0
BRDA:58,2,1,0
BRDA:63,3,0,0
BRDA:64,4,0,0
BRDA:64,4,1,0
BRDA:66,5,0,0
BRDA:69,6,0,0
BRDA:69,6,1,0
BRDA:87,7,0,0
BRDA:89,8,0,0
BRDA:105,9,0,0
BRDA:112,10,0,0
BRDA:114,11,0,0
BRF:15
BRH:0
end_of_record
TN:
SF:src/services/database.service.ts
FN:9,(anonymous_1)
FN:12,(anonymous_2)
FN:17,(anonymous_3)
FN:22,(anonymous_4)
FN:31,(anonymous_5)
FN:36,(anonymous_6)
FN:39,(anonymous_7)
FN:42,(anonymous_8)
FN:49,(anonymous_9)
FN:53,(anonymous_10)
FNF:10
FNH:3
FNDA:0,(anonymous_1)
FNDA:0,(anonymous_2)
FNDA:0,(anonymous_3)
FNDA:0,(anonymous_4)
FNDA:2,(anonymous_5)
FNDA:0,(anonymous_6)
FNDA:0,(anonymous_7)
FNDA:0,(anonymous_8)
FNDA:2,(anonymous_9)
FNDA:1,(anonymous_10)
DA:1,2
DA:3,2
DA:4,2
DA:8,0
DA:10,0
DA:13,0
DA:14,0
DA:15,0
DA:18,0
DA:19,0
DA:20,0
DA:23,0
DA:24,0
DA:25,0
DA:32,2
DA:33,2
DA:34,2
DA:37,0
DA:40,0
DA:43,0
DA:50,2
DA:51,2
DA:54,1
DA:58,2
LF:24
LH:10
BRDA:13,0,0,0
BRDA:18,1,0,0
BRDA:23,2,0,0
BRDA:36,3,0,0
BRDA:39,4,0,0
BRF:5
BRH:0
end_of_record
TN:
SF:src/services/document.service.ts
FN:12,(anonymous_1)
FN:18,(anonymous_2)
FN:98,(anonymous_3)
FN:123,(anonymous_4)
FN:233,(anonymous_5)
FN:269,(anonymous_6)
FN:337,(anonymous_7)
FN:358,(anonymous_8)
FN:433,(anonymous_9)
FN:464,(anonymous_10)
FN:474,(anonymous_11)
FN:487,(anonymous_12)
FN:514,(anonymous_13)
FN:551,(anonymous_14)
FN:559,(anonymous_15)
FN:569,(anonymous_16)
FN:577,(anonymous_17)
FN:587,(anonymous_18)
FNF:18
FNH:7
FNDA:2,(anonymous_1)
FNDA:2,(anonymous_2)
FNDA:2,(anonymous_3)
FNDA:2,(anonymous_4)
FNDA:0,(anonymous_5)
FNDA:0,(anonymous_6)
FNDA:0,(anonymous_7)
FNDA:1,(anonymous_8)
FNDA:1,(anonymous_9)
FNDA:0,(anonymous_10)
FNDA:0,(anonymous_11)
FNDA:0,(anonymous_12)
FNDA:0,(anonymous_13)
FNDA:0,(anonymous_14)
FNDA:0,(anonymous_15)
FNDA:0,(anonymous_16)
FNDA:0,(anonymous_17)
FNDA:3,(anonymous_18)
DA:1,2
DA:2,2
DA:3,2
DA:8,2
DA:9,2
DA:13,2
DA:19,2
DA:20,2
DA:21,2
DA:22,2
DA:23,2
DA:25,2
DA:46,2
DA:47,2
DA:48,2
DA:51,2
DA:67,1
DA:78,1
DA:81,1
DA:87,1
DA:89,1
DA:90,1
DA:91,1
DA:99,2
DA:100,2
DA:104,2
DA:105,1
DA:109,1
DA:115,0
DA:116,0
DA:128,2
DA:130,2
DA:132,2
DA:133,2
DA:134,0
DA:138,2
DA:139,2
DA:140,2
DA:143,2
DA:148,2
DA:172,2
DA:173,2
DA:174,2
DA:177,2
DA:194,1
DA:195,1
DA:197,1
DA:209,1
DA:212,1
DA:219,1
DA:221,1
DA:222,1
DA:225,1
DA:226,1
DA:234,0
DA:235,0
DA:236,0
DA:237,0
DA:240,0
DA:241,0
DA:242,0
DA:245,0
DA:247,0
DA:250,0
DA:255,0
DA:257,0
DA:258,0
DA:261,0
DA:262,0
DA:286,0
DA:288,0
DA:290,0
DA:292,0
DA:293,0
DA:295,0
DA:296,0
DA:297,0
DA:300,0
DA:301,0
DA:302,0
DA:305,0
DA:306,0
DA:307,0
DA:310,0
DA:315,0
DA:319,0
DA:322,0
DA:326,0
DA:327,0
DA:329,0
DA:337,0
DA:343,0
DA:350,0
DA:351,0
DA:376,1
DA:378,1
DA:380,1
DA:382,1
DA:383,1
DA:385,1
DA:386,0
DA:387,0
DA:390,1
DA:395,1
DA:403,1
DA:406,1
DA:433,1
DA:435,1
DA:436,1
DA:437,1
DA:440,1
DA:449,1
DA:456,0
DA:457,0
DA:467,0
DA:468,0
DA:474,0
DA:479,0
DA:480,0
DA:491,0
DA:492,0
DA:497,0
DA:498,0
DA:501,0
DA:506,0
DA:507,0
DA:519,0
DA:521,0
DA:522,0
DA:523,0
DA:527,0
DA:528,0
DA:529,0
DA:533,0
DA:543,0
DA:544,0
DA:552,0
DA:553,0
DA:559,0
DA:561,0
DA:562,0
DA:570,0
DA:571,0
DA:577,0
DA:579,0
DA:580,0
DA:588,3
DA:592,2
LF:148
LH:69
BRDA:22,0,0,2
BRDA:22,0,1,0
BRDA:27,1,0,2
BRDA:27,1,1,0
BRDA:29,2,0,2
BRDA:29,2,1,2
BRDA:30,3,0,2
BRDA:30,3,1,2
BRDA:31,4,0,2
BRDA:31,4,1,2
BRDA:32,5,0,2
BRDA:32,5,1,2
BRDA:33,6,0,2
BRDA:33,6,1,2
BRDA:34,7,0,2
BRDA:34,7,1,2
BRDA:35,8,0,2
BRDA:35,8,1,2
BRDA:104,9,0,1
BRDA:133,10,0,0
BRDA:138,11,0,2
BRDA:138,11,1,1
BRDA:140,12,0,1
BRDA:140,12,1,1
BRDA:143,13,0,1
BRDA:143,13,1,1
BRDA:150,14,0,2
BRDA:150,14,1,0
BRDA:152,15,0,0
BRDA:152,15,1,2
BRDA:153,16,0,0
BRDA:153,16,1,2
BRDA:154,17,0,0
BRDA:154,17,1,2
BRDA:155,18,0,2
BRDA:155,18,1,2
BRDA:156,19,0,0
BRDA:156,19,1,2
BRDA:157,20,0,2
BRDA:157,20,1,2
BRDA:160,21,0,2
BRDA:160,21,1,2
BRDA:166,22,0,0
BRDA:166,22,1,2
BRDA:166,23,0,2
BRDA:166,23,1,0
BRDA:168,24,0,0
BRDA:168,24,1,2
BRDA:168,25,0,2
BRDA:168,25,1,0
BRDA:194,26,0,1
BRDA:195,27,0,1
BRDA:195,27,1,1
BRDA:236,28,0,0
BRDA:279,29,0,0
BRDA:280,30,0,0
BRDA:284,31,0,0
BRDA:285,32,0,0
BRDA:295,33,0,0
BRDA:300,34,0,0
BRDA:305,35,0,0
BRDA:310,36,0,0
BRDA:310,36,1,0
BRDA:326,37,0,0
BRDA:326,37,1,0
BRDA:327,38,0,0
BRDA:327,38,1,0
BRDA:358,39,0,1
BRDA:371,40,0,1
BRDA:372,41,0,1
BRDA:373,42,0,1
BRDA:374,43,0,1
BRDA:385,44,0,0
BRDA:390,45,0,0
BRDA:390,45,1,1
BRDA:403,46,0,1
BRDA:403,46,1,0
BRDA:423,47,0,0
BRDA:423,47,1,1
BRDA:429,48,0,0
BRDA:429,48,1,1
BRDA:435,49,0,1
BRDA:435,49,1,0
BRDA:436,50,0,1
BRDA:436,50,1,0
BRDA:497,51,0,0
BRDA:522,52,0,0
BRDA:528,53,0,0
BRF:88
BRH:52
end_of_record
TN:
SF:src/utils/config.ts
FNF:0
FNH:0
DA:1,6
LF:1
LH:1
BRDA:2,0,0,6
BRDA:2,0,1,6
BRDA:3,1,0,6
BRDA:3,1,1,0
BRDA:4,2,0,6
BRDA:4,2,1,6
BRDA:5,3,0,6
BRDA:5,3,1,6
BRDA:6,4,0,6
BRDA:6,4,1,6
BRDA:7,5,0,6
BRDA:7,5,1,6
BRDA:8,6,0,6
BRDA:8,6,1,6
BRDA:9,7,0,6
BRDA:9,7,1,6
BRDA:10,8,0,6
BRDA:10,8,1,6
BRDA:11,9,0,6
BRDA:11,9,1,6
BRDA:12,10,0,6
BRDA:12,10,1,6
BRDA:13,11,0,6
BRDA:13,11,1,6
BRDA:14,12,0,6
BRDA:14,12,1,6
BRDA:15,13,0,6
BRDA:15,13,1,6
BRDA:16,14,0,6
BRDA:16,14,1,6
BRDA:17,15,0,6
BRDA:17,15,1,6
BRF:32
BRH:31
end_of_record
TN:
SF:src/utils/logger.ts
FN:13,(anonymous_0)
FN:20,log
FN:29,(anonymous_2)
FN:30,(anonymous_3)
FN:31,(anonymous_4)
FN:32,(anonymous_5)
FNF:6
FNH:4
FNDA:3,(anonymous_0)
FNDA:3,log
FNDA:2,(anonymous_2)
FNDA:0,(anonymous_3)
FNDA:1,(anonymous_4)
FNDA:0,(anonymous_5)
DA:2,3
DA:6,3
DA:13,3
DA:14,3
DA:15,3
DA:21,3
DA:22,3
DA:24,3
DA:28,3
DA:29,2
DA:30,0
DA:31,1
DA:32,0
LF:13
LH:11
BRDA:14,0,0,3
BRDA:14,0,1,0
BRDA:15,1,0,3
BRDA:15,1,1,0
BRDA:21,2,0,3
BRDA:24,3,0,3
BRDA:24,3,1,1
BRF:7
BRH:5
end_of_record
