{"/workspace/src/legal-dashboard-api/src/config/auth.config.ts": {"path":"/workspace/src/legal-dashboard-api/src/config/auth.config.ts","statementMap":{"0":{"start":{"line":1,"column":13},"end":{"line":5,"column":2}}},"fnMap":{},"branchMap":{},"s":{"0":1},"f":{},"b":{}}
,"/workspace/src/legal-dashboard-api/src/controllers/auth.controller.ts": {"path":"/workspace/src/legal-dashboard-api/src/controllers/auth.controller.ts","statementMap":{"0":{"start":{"line":5,"column":0},"end":{"line":5,"column":7}},"1":{"start":{"line":12,"column":0},"end":{"line":12,"column":7}},"2":{"start":{"line":19,"column":0},"end":{"line":19,"column":7}},"3":{"start":{"line":26,"column":0},"end":{"line":26,"column":7}},"4":{"start":{"line":33,"column":0},"end":{"line":33,"column":7}},"5":{"start":{"line":41,"column":0},"end":{"line":41,"column":7}},"6":{"start":{"line":52,"column":0},"end":{"line":52,"column":7}},"7":{"start":{"line":57,"column":0},"end":{"line":57,"column":7}},"8":{"start":{"line":2,"column":0},"end":{"line":2,"column":53}},"9":{"start":{"line":3,"column":0},"end":{"line":3,"column":57}},"10":{"start":{"line":6,"column":38},"end":{"line":6,"column":100}},"11":{"start":{"line":7,"column":4},"end":{"line":7,"column":89}},"12":{"start":{"line":7,"column":29},"end":{"line":7,"column":89}},"13":{"start":{"line":8,"column":19},"end":{"line":8,"column":76}},"14":{"start":{"line":9,"column":4},"end":{"line":9,"column":40}},"15":{"start":{"line":13,"column":32},"end":{"line":13,"column":79}},"16":{"start":{"line":14,"column":4},"end":{"line":14,"column":89}},"17":{"start":{"line":14,"column":29},"end":{"line":14,"column":89}},"18":{"start":{"line":15,"column":19},"end":{"line":15,"column":59}},"19":{"start":{"line":16,"column":4},"end":{"line":16,"column":28}},"20":{"start":{"line":20,"column":29},"end":{"line":20,"column":65}},"21":{"start":{"line":21,"column":4},"end":{"line":21,"column":76}},"22":{"start":{"line":21,"column":23},"end":{"line":21,"column":76}},"23":{"start":{"line":22,"column":19},"end":{"line":22,"column":58}},"24":{"start":{"line":23,"column":4},"end":{"line":23,"column":28}},"25":{"start":{"line":27,"column":29},"end":{"line":27,"column":65}},"26":{"start":{"line":28,"column":4},"end":{"line":28,"column":76}},"27":{"start":{"line":28,"column":23},"end":{"line":28,"column":76}},"28":{"start":{"line":29,"column":4},"end":{"line":29,"column":43}},"29":{"start":{"line":30,"column":4},"end":{"line":30,"column":34}},"30":{"start":{"line":34,"column":17},"end":{"line":34,"column":48}},"31":{"start":{"line":35,"column":18},"end":{"line":35,"column":67}},"32":{"start":{"line":36,"column":4},"end":{"line":36,"column":57}},"33":{"start":{"line":36,"column":16},"end":{"line":36,"column":57}},"34":{"start":{"line":37,"column":17},"end":{"line":37,"column":48}},"35":{"start":{"line":38,"column":4},"end":{"line":38,"column":26}},"36":{"start":{"line":42,"column":49},"end":{"line":42,"column":null}},"37":{"start":{"line":47,"column":4},"end":{"line":47,"column":93}},"38":{"start":{"line":47,"column":49},"end":{"line":47,"column":93}},"39":{"start":{"line":48,"column":4},"end":{"line":48,"column":71}},"40":{"start":{"line":49,"column":4},"end":{"line":49,"column":34}},"41":{"start":{"line":53,"column":18},"end":{"line":53,"column":47}},"42":{"start":{"line":54,"column":4},"end":{"line":54,"column":27}},"43":{"start":{"line":58,"column":4},"end":{"line":58,"column":38}}},"fnMap":{"0":{"name":"register","decl":{"start":{"line":5,"column":22},"end":{"line":5,"column":30}},"loc":{"start":{"line":5,"column":58},"end":{"line":10,"column":1}}},"1":{"name":"login","decl":{"start":{"line":12,"column":22},"end":{"line":12,"column":27}},"loc":{"start":{"line":12,"column":55},"end":{"line":17,"column":1}}},"2":{"name":"refreshToken","decl":{"start":{"line":19,"column":22},"end":{"line":19,"column":34}},"loc":{"start":{"line":19,"column":62},"end":{"line":24,"column":1}}},"3":{"name":"logout","decl":{"start":{"line":26,"column":22},"end":{"line":26,"column":28}},"loc":{"start":{"line":26,"column":56},"end":{"line":31,"column":1}}},"4":{"name":"me","decl":{"start":{"line":33,"column":22},"end":{"line":33,"column":24}},"loc":{"start":{"line":33,"column":52},"end":{"line":39,"column":1}}},"5":{"name":"changePassword","decl":{"start":{"line":41,"column":22},"end":{"line":41,"column":36}},"loc":{"start":{"line":41,"column":64},"end":{"line":50,"column":1}}},"6":{"name":"listUsers","decl":{"start":{"line":52,"column":22},"end":{"line":52,"column":31}},"loc":{"start":{"line":52,"column":60},"end":{"line":55,"column":1}}},"7":{"name":"health","decl":{"start":{"line":57,"column":22},"end":{"line":57,"column":28}},"loc":{"start":{"line":57,"column":57},"end":{"line":59,"column":1}}}},"branchMap":{"0":{"loc":{"start":{"line":7,"column":4},"end":{"line":7,"column":89}},"type":"if","locations":[{"start":{"line":7,"column":4},"end":{"line":7,"column":89}}]},"1":{"loc":{"start":{"line":7,"column":8},"end":{"line":7,"column":27}},"type":"binary-expr","locations":[{"start":{"line":7,"column":8},"end":{"line":7,"column":14}},{"start":{"line":7,"column":18},"end":{"line":7,"column":27}}]},"2":{"loc":{"start":{"line":8,"column":63},"end":{"line":8,"column":75}},"type":"binary-expr","locations":[{"start":{"line":8,"column":63},"end":{"line":8,"column":67}},{"start":{"line":8,"column":71},"end":{"line":8,"column":75}}]},"3":{"loc":{"start":{"line":14,"column":4},"end":{"line":14,"column":89}},"type":"if","locations":[{"start":{"line":14,"column":4},"end":{"line":14,"column":89}}]},"4":{"loc":{"start":{"line":14,"column":8},"end":{"line":14,"column":27}},"type":"binary-expr","locations":[{"start":{"line":14,"column":8},"end":{"line":14,"column":14}},{"start":{"line":14,"column":18},"end":{"line":14,"column":27}}]},"5":{"loc":{"start":{"line":21,"column":4},"end":{"line":21,"column":76}},"type":"if","locations":[{"start":{"line":21,"column":4},"end":{"line":21,"column":76}}]},"6":{"loc":{"start":{"line":28,"column":4},"end":{"line":28,"column":76}},"type":"if","locations":[{"start":{"line":28,"column":4},"end":{"line":28,"column":76}}]},"7":{"loc":{"start":{"line":34,"column":17},"end":{"line":34,"column":48}},"type":"binary-expr","locations":[{"start":{"line":34,"column":17},"end":{"line":34,"column":42}},{"start":{"line":34,"column":46},"end":{"line":34,"column":48}}]},"8":{"loc":{"start":{"line":35,"column":18},"end":{"line":35,"column":67}},"type":"cond-expr","locations":[{"start":{"line":35,"column":47},"end":{"line":35,"column":60}},{"start":{"line":35,"column":63},"end":{"line":35,"column":67}}]},"9":{"loc":{"start":{"line":36,"column":4},"end":{"line":36,"column":57}},"type":"if","locations":[{"start":{"line":36,"column":4},"end":{"line":36,"column":57}}]},"10":{"loc":{"start":{"line":47,"column":4},"end":{"line":47,"column":93}},"type":"if","locations":[{"start":{"line":47,"column":4},"end":{"line":47,"column":93}}]},"11":{"loc":{"start":{"line":47,"column":8},"end":{"line":47,"column":47}},"type":"binary-expr","locations":[{"start":{"line":47,"column":8},"end":{"line":47,"column":15}},{"start":{"line":47,"column":19},"end":{"line":47,"column":31}},{"start":{"line":47,"column":35},"end":{"line":47,"column":47}}]}},"s":{"0":1,"1":1,"2":1,"3":1,"4":1,"5":1,"6":1,"7":1,"8":1,"9":1,"10":1,"11":1,"12":0,"13":1,"14":1,"15":1,"16":1,"17":0,"18":1,"19":1,"20":1,"21":1,"22":0,"23":1,"24":1,"25":1,"26":1,"27":0,"28":1,"29":1,"30":0,"31":0,"32":0,"33":0,"34":0,"35":0,"36":0,"37":0,"38":0,"39":0,"40":0,"41":0,"42":0,"43":0},"f":{"0":1,"1":1,"2":1,"3":1,"4":0,"5":0,"6":0,"7":0},"b":{"0":[0],"1":[1,1],"2":[1,0],"3":[0],"4":[1,1],"5":[0],"6":[0],"7":[0,0],"8":[0,0],"9":[0],"10":[0],"11":[0,0,0]}}
,"/workspace/src/legal-dashboard-api/src/controllers/documents.controller.ts": {"path":"/workspace/src/legal-dashboard-api/src/controllers/documents.controller.ts","statementMap":{"0":{"start":{"line":9,"column":0},"end":{"line":9,"column":7}},"1":{"start":{"line":51,"column":0},"end":{"line":51,"column":7}},"2":{"start":{"line":73,"column":0},"end":{"line":73,"column":7}},"3":{"start":{"line":93,"column":0},"end":{"line":93,"column":7}},"4":{"start":{"line":118,"column":0},"end":{"line":118,"column":7}},"5":{"start":{"line":141,"column":0},"end":{"line":141,"column":7}},"6":{"start":{"line":185,"column":0},"end":{"line":185,"column":7}},"7":{"start":{"line":210,"column":0},"end":{"line":210,"column":7}},"8":{"start":{"line":236,"column":0},"end":{"line":236,"column":7}},"9":{"start":{"line":272,"column":0},"end":{"line":272,"column":7}},"10":{"start":{"line":288,"column":0},"end":{"line":288,"column":7}},"11":{"start":{"line":2,"column":0},"end":{"line":2,"column":61}},"12":{"start":{"line":3,"column":0},"end":{"line":3,"column":39}},"13":{"start":{"line":4,"column":0},"end":{"line":4,"column":70}},"14":{"start":{"line":10,"column":2},"end":{"line":45,"column":3}},"15":{"start":{"line":19,"column":8},"end":{"line":19,"column":17}},"16":{"start":{"line":21,"column":19},"end":{"line":29,"column":6}},"17":{"start":{"line":31,"column":4},"end":{"line":38,"column":7}},"18":{"start":{"line":40,"column":4},"end":{"line":40,"column":52}},"19":{"start":{"line":41,"column":4},"end":{"line":44,"column":7}},"20":{"start":{"line":52,"column":2},"end":{"line":67,"column":3}},"21":{"start":{"line":53,"column":19},"end":{"line":53,"column":29}},"22":{"start":{"line":54,"column":21},"end":{"line":54,"column":62}},"23":{"start":{"line":56,"column":4},"end":{"line":58,"column":5}},"24":{"start":{"line":57,"column":6},"end":{"line":57,"column":67}},"25":{"start":{"line":60,"column":4},"end":{"line":60,"column":30}},"26":{"start":{"line":62,"column":4},"end":{"line":62,"column":50}},"27":{"start":{"line":63,"column":4},"end":{"line":66,"column":7}},"28":{"start":{"line":74,"column":2},"end":{"line":87,"column":3}},"29":{"start":{"line":75,"column":19},"end":{"line":75,"column":43}},"30":{"start":{"line":76,"column":25},"end":{"line":76,"column":33}},"31":{"start":{"line":78,"column":21},"end":{"line":78,"column":79}},"32":{"start":{"line":80,"column":4},"end":{"line":80,"column":42}},"33":{"start":{"line":82,"column":4},"end":{"line":82,"column":53}},"34":{"start":{"line":83,"column":4},"end":{"line":86,"column":7}},"35":{"start":{"line":94,"column":2},"end":{"line":112,"column":3}},"36":{"start":{"line":95,"column":19},"end":{"line":95,"column":29}},"37":{"start":{"line":96,"column":19},"end":{"line":96,"column":43}},"38":{"start":{"line":97,"column":25},"end":{"line":97,"column":33}},"39":{"start":{"line":99,"column":21},"end":{"line":99,"column":83}},"40":{"start":{"line":101,"column":4},"end":{"line":103,"column":5}},"41":{"start":{"line":102,"column":6},"end":{"line":102,"column":67}},"42":{"start":{"line":105,"column":4},"end":{"line":105,"column":30}},"43":{"start":{"line":107,"column":4},"end":{"line":107,"column":53}},"44":{"start":{"line":108,"column":4},"end":{"line":111,"column":7}},"45":{"start":{"line":119,"column":2},"end":{"line":135,"column":3}},"46":{"start":{"line":120,"column":19},"end":{"line":120,"column":29}},"47":{"start":{"line":122,"column":20},"end":{"line":122,"column":60}},"48":{"start":{"line":124,"column":4},"end":{"line":126,"column":5}},"49":{"start":{"line":125,"column":6},"end":{"line":125,"column":67}},"50":{"start":{"line":128,"column":4},"end":{"line":128,"column":34}},"51":{"start":{"line":130,"column":4},"end":{"line":130,"column":53}},"52":{"start":{"line":131,"column":4},"end":{"line":134,"column":7}},"53":{"start":{"line":142,"column":2},"end":{"line":179,"column":3}},"54":{"start":{"line":150,"column":8},"end":{"line":150,"column":17}},"55":{"start":{"line":152,"column":4},"end":{"line":154,"column":5}},"56":{"start":{"line":153,"column":6},"end":{"line":153,"column":73}},"57":{"start":{"line":156,"column":19},"end":{"line":162,"column":6}},"58":{"start":{"line":164,"column":4},"end":{"line":172,"column":7}},"59":{"start":{"line":174,"column":4},"end":{"line":174,"column":54}},"60":{"start":{"line":175,"column":4},"end":{"line":178,"column":7}},"61":{"start":{"line":186,"column":2},"end":{"line":204,"column":3}},"62":{"start":{"line":187,"column":19},"end":{"line":187,"column":29}},"63":{"start":{"line":190,"column":21},"end":{"line":190,"column":62}},"64":{"start":{"line":191,"column":4},"end":{"line":193,"column":5}},"65":{"start":{"line":192,"column":6},"end":{"line":192,"column":67}},"66":{"start":{"line":195,"column":21},"end":{"line":195,"column":66}},"67":{"start":{"line":197,"column":4},"end":{"line":197,"column":34}},"68":{"start":{"line":199,"column":4},"end":{"line":199,"column":59}},"69":{"start":{"line":200,"column":4},"end":{"line":203,"column":7}},"70":{"start":{"line":211,"column":2},"end":{"line":230,"column":3}},"71":{"start":{"line":212,"column":28},"end":{"line":212,"column":38}},"72":{"start":{"line":214,"column":28},"end":{"line":216,"column":null}},"73":{"start":{"line":219,"column":4},"end":{"line":221,"column":5}},"74":{"start":{"line":220,"column":6},"end":{"line":220,"column":75}},"75":{"start":{"line":223,"column":4},"end":{"line":223,"column":37}},"76":{"start":{"line":225,"column":4},"end":{"line":225,"column":58}},"77":{"start":{"line":226,"column":4},"end":{"line":229,"column":7}},"78":{"start":{"line":237,"column":2},"end":{"line":266,"column":3}},"79":{"start":{"line":238,"column":28},"end":{"line":238,"column":38}},"80":{"start":{"line":239,"column":19},"end":{"line":239,"column":43}},"81":{"start":{"line":241,"column":21},"end":{"line":244,"column":null}},"82":{"start":{"line":247,"column":4},"end":{"line":249,"column":5}},"83":{"start":{"line":248,"column":6},"end":{"line":248,"column":78}},"84":{"start":{"line":252,"column":4},"end":{"line":257,"column":7}},"85":{"start":{"line":259,"column":4},"end":{"line":259,"column":30}},"86":{"start":{"line":261,"column":4},"end":{"line":261,"column":53}},"87":{"start":{"line":262,"column":4},"end":{"line":265,"column":7}},"88":{"start":{"line":273,"column":2},"end":{"line":282,"column":3}},"89":{"start":{"line":274,"column":23},"end":{"line":274,"column":60}},"90":{"start":{"line":275,"column":4},"end":{"line":275,"column":36}},"91":{"start":{"line":277,"column":4},"end":{"line":277,"column":52}},"92":{"start":{"line":278,"column":4},"end":{"line":281,"column":7}},"93":{"start":{"line":289,"column":2},"end":{"line":298,"column":3}},"94":{"start":{"line":290,"column":20},"end":{"line":290,"column":54}},"95":{"start":{"line":291,"column":4},"end":{"line":291,"column":33}},"96":{"start":{"line":293,"column":4},"end":{"line":293,"column":49}},"97":{"start":{"line":294,"column":4},"end":{"line":297,"column":7}}},"fnMap":{"0":{"name":"list","decl":{"start":{"line":9,"column":22},"end":{"line":9,"column":26}},"loc":{"start":{"line":9,"column":54},"end":{"line":46,"column":1}}},"1":{"name":"getById","decl":{"start":{"line":51,"column":22},"end":{"line":51,"column":29}},"loc":{"start":{"line":51,"column":57},"end":{"line":68,"column":1}}},"2":{"name":"create","decl":{"start":{"line":73,"column":22},"end":{"line":73,"column":28}},"loc":{"start":{"line":73,"column":56},"end":{"line":88,"column":1}}},"3":{"name":"update","decl":{"start":{"line":93,"column":22},"end":{"line":93,"column":28}},"loc":{"start":{"line":93,"column":56},"end":{"line":113,"column":1}}},"4":{"name":"remove","decl":{"start":{"line":118,"column":22},"end":{"line":118,"column":28}},"loc":{"start":{"line":118,"column":56},"end":{"line":136,"column":1}}},"5":{"name":"search","decl":{"start":{"line":141,"column":22},"end":{"line":141,"column":28}},"loc":{"start":{"line":141,"column":56},"end":{"line":180,"column":1}}},"6":{"name":"versions","decl":{"start":{"line":185,"column":22},"end":{"line":185,"column":30}},"loc":{"start":{"line":185,"column":58},"end":{"line":205,"column":1}}},"7":{"name":"getVersion","decl":{"start":{"line":210,"column":22},"end":{"line":210,"column":32}},"loc":{"start":{"line":210,"column":60},"end":{"line":231,"column":1}}},"8":{"name":"revertToVersion","decl":{"start":{"line":236,"column":22},"end":{"line":236,"column":37}},"loc":{"start":{"line":236,"column":65},"end":{"line":267,"column":1}}},"9":{"name":"categories","decl":{"start":{"line":272,"column":22},"end":{"line":272,"column":32}},"loc":{"start":{"line":272,"column":61},"end":{"line":283,"column":1}}},"10":{"name":"sources","decl":{"start":{"line":288,"column":22},"end":{"line":288,"column":29}},"loc":{"start":{"line":288,"column":58},"end":{"line":299,"column":1}}}},"branchMap":{"0":{"loc":{"start":{"line":12,"column":6},"end":{"line":12,"column":16}},"type":"default-arg","locations":[{"start":{"line":12,"column":13},"end":{"line":12,"column":16}}]},"1":{"loc":{"start":{"line":13,"column":6},"end":{"line":13,"column":18}},"type":"default-arg","locations":[{"start":{"line":13,"column":14},"end":{"line":13,"column":18}}]},"2":{"loc":{"start":{"line":17,"column":6},"end":{"line":17,"column":27}},"type":"default-arg","locations":[{"start":{"line":17,"column":15},"end":{"line":17,"column":27}}]},"3":{"loc":{"start":{"line":18,"column":6},"end":{"line":18,"column":24}},"type":"default-arg","locations":[{"start":{"line":18,"column":18},"end":{"line":18,"column":24}}]},"4":{"loc":{"start":{"line":56,"column":4},"end":{"line":58,"column":5}},"type":"if","locations":[{"start":{"line":56,"column":4},"end":{"line":58,"column":5}}]},"5":{"loc":{"start":{"line":75,"column":19},"end":{"line":75,"column":43}},"type":"binary-expr","locations":[{"start":{"line":75,"column":19},"end":{"line":75,"column":31}},{"start":{"line":75,"column":35},"end":{"line":75,"column":43}}]},"6":{"loc":{"start":{"line":96,"column":19},"end":{"line":96,"column":43}},"type":"binary-expr","locations":[{"start":{"line":96,"column":19},"end":{"line":96,"column":31}},{"start":{"line":96,"column":35},"end":{"line":96,"column":43}}]},"7":{"loc":{"start":{"line":101,"column":4},"end":{"line":103,"column":5}},"type":"if","locations":[{"start":{"line":101,"column":4},"end":{"line":103,"column":5}}]},"8":{"loc":{"start":{"line":124,"column":4},"end":{"line":126,"column":5}},"type":"if","locations":[{"start":{"line":124,"column":4},"end":{"line":126,"column":5}}]},"9":{"loc":{"start":{"line":145,"column":6},"end":{"line":145,"column":16}},"type":"default-arg","locations":[{"start":{"line":145,"column":13},"end":{"line":145,"column":16}}]},"10":{"loc":{"start":{"line":146,"column":6},"end":{"line":146,"column":18}},"type":"default-arg","locations":[{"start":{"line":146,"column":14},"end":{"line":146,"column":18}}]},"11":{"loc":{"start":{"line":147,"column":6},"end":{"line":147,"column":30}},"type":"default-arg","locations":[{"start":{"line":147,"column":24},"end":{"line":147,"column":30}}]},"12":{"loc":{"start":{"line":148,"column":6},"end":{"line":148,"column":29}},"type":"default-arg","locations":[{"start":{"line":148,"column":22},"end":{"line":148,"column":29}}]},"13":{"loc":{"start":{"line":152,"column":4},"end":{"line":154,"column":5}},"type":"if","locations":[{"start":{"line":152,"column":4},"end":{"line":154,"column":5}}]},"14":{"loc":{"start":{"line":152,"column":8},"end":{"line":152,"column":35}},"type":"binary-expr","locations":[{"start":{"line":152,"column":8},"end":{"line":152,"column":10}},{"start":{"line":152,"column":14},"end":{"line":152,"column":35}}]},"15":{"loc":{"start":{"line":191,"column":4},"end":{"line":193,"column":5}},"type":"if","locations":[{"start":{"line":191,"column":4},"end":{"line":193,"column":5}}]},"16":{"loc":{"start":{"line":219,"column":4},"end":{"line":221,"column":5}},"type":"if","locations":[{"start":{"line":219,"column":4},"end":{"line":221,"column":5}}]},"17":{"loc":{"start":{"line":239,"column":19},"end":{"line":239,"column":43}},"type":"binary-expr","locations":[{"start":{"line":239,"column":19},"end":{"line":239,"column":31}},{"start":{"line":239,"column":35},"end":{"line":239,"column":43}}]},"18":{"loc":{"start":{"line":247,"column":4},"end":{"line":249,"column":5}},"type":"if","locations":[{"start":{"line":247,"column":4},"end":{"line":249,"column":5}}]}},"s":{"0":1,"1":1,"2":1,"3":1,"4":1,"5":1,"6":1,"7":1,"8":1,"9":1,"10":1,"11":1,"12":1,"13":1,"14":2,"15":2,"16":2,"17":1,"18":1,"19":1,"20":2,"21":2,"22":2,"23":2,"24":1,"25":1,"26":0,"27":0,"28":1,"29":1,"30":1,"31":1,"32":1,"33":0,"34":0,"35":2,"36":2,"37":2,"38":2,"39":2,"40":2,"41":1,"42":1,"43":0,"44":0,"45":0,"46":0,"47":0,"48":0,"49":0,"50":0,"51":0,"52":0,"53":2,"54":2,"55":2,"56":1,"57":1,"58":1,"59":0,"60":0,"61":0,"62":0,"63":0,"64":0,"65":0,"66":0,"67":0,"68":0,"69":0,"70":0,"71":0,"72":0,"73":0,"74":0,"75":0,"76":0,"77":0,"78":0,"79":0,"80":0,"81":0,"82":0,"83":0,"84":0,"85":0,"86":0,"87":0,"88":0,"89":0,"90":0,"91":0,"92":0,"93":0,"94":0,"95":0,"96":0,"97":0},"f":{"0":2,"1":2,"2":1,"3":2,"4":0,"5":2,"6":0,"7":0,"8":0,"9":0,"10":0},"b":{"0":[2],"1":[2],"2":[2],"3":[2],"4":[1],"5":[1,0],"6":[2,0],"7":[1],"8":[0],"9":[2],"10":[2],"11":[2],"12":[2],"13":[1],"14":[2,1],"15":[0],"16":[0],"17":[0,0],"18":[0]}}
,"/workspace/src/legal-dashboard-api/src/controllers/websocket.controller.ts": {"path":"/workspace/src/legal-dashboard-api/src/controllers/websocket.controller.ts","statementMap":{"0":{"start":{"line":19,"column":0},"end":{"line":19,"column":16}},"1":{"start":{"line":150,"column":0},"end":{"line":150,"column":16}},"2":{"start":{"line":160,"column":0},"end":{"line":160,"column":16}},"3":{"start":{"line":171,"column":0},"end":{"line":171,"column":16}},"4":{"start":{"line":176,"column":0},"end":{"line":176,"column":16}},"5":{"start":{"line":181,"column":0},"end":{"line":181,"column":7}},"6":{"start":{"line":2,"column":0},"end":{"line":2,"column":43}},"7":{"start":{"line":4,"column":0},"end":{"line":4,"column":41}},"8":{"start":{"line":5,"column":0},"end":{"line":5,"column":41}},"9":{"start":{"line":8,"column":24},"end":{"line":8,"column":28}},"10":{"start":{"line":17,"column":23},"end":{"line":17,"column":52}},"11":{"start":{"line":20,"column":4},"end":{"line":20,"column":19}},"12":{"start":{"line":20,"column":12},"end":{"line":20,"column":19}},"13":{"start":{"line":21,"column":4},"end":{"line":26,"column":7}},"14":{"start":{"line":28,"column":4},"end":{"line":28,"column":26}},"15":{"start":{"line":29,"column":4},"end":{"line":29,"column":58}},"16":{"start":{"line":33,"column":4},"end":{"line":146,"column":7}},"17":{"start":{"line":34,"column":8},"end":{"line":34,"column":54}},"18":{"start":{"line":37,"column":8},"end":{"line":52,"column":11}},"19":{"start":{"line":38,"column":12},"end":{"line":41,"column":13}},"20":{"start":{"line":39,"column":16},"end":{"line":39,"column":75}},"21":{"start":{"line":40,"column":16},"end":{"line":40,"column":23}},"22":{"start":{"line":43,"column":12},"end":{"line":47,"column":15}},"23":{"start":{"line":49,"column":12},"end":{"line":49,"column":60}},"24":{"start":{"line":50,"column":12},"end":{"line":50,"column":71}},"25":{"start":{"line":51,"column":12},"end":{"line":51,"column":85}},"26":{"start":{"line":55,"column":8},"end":{"line":73,"column":11}},"27":{"start":{"line":56,"column":25},"end":{"line":56,"column":54}},"28":{"start":{"line":57,"column":12},"end":{"line":60,"column":13}},"29":{"start":{"line":58,"column":16},"end":{"line":58,"column":77}},"30":{"start":{"line":59,"column":16},"end":{"line":59,"column":23}},"31":{"start":{"line":62,"column":27},"end":{"line":62,"column":51}},"32":{"start":{"line":63,"column":12},"end":{"line":63,"column":32}},"33":{"start":{"line":64,"column":12},"end":{"line":64,"column":36}},"34":{"start":{"line":66,"column":12},"end":{"line":70,"column":15}},"35":{"start":{"line":72,"column":12},"end":{"line":72,"column":85}},"36":{"start":{"line":76,"column":8},"end":{"line":89,"column":11}},"37":{"start":{"line":77,"column":25},"end":{"line":77,"column":54}},"38":{"start":{"line":78,"column":12},"end":{"line":78,"column":30}},"39":{"start":{"line":78,"column":23},"end":{"line":78,"column":30}},"40":{"start":{"line":80,"column":27},"end":{"line":80,"column":51}},"41":{"start":{"line":81,"column":12},"end":{"line":81,"column":33}},"42":{"start":{"line":82,"column":12},"end":{"line":82,"column":62}},"43":{"start":{"line":82,"column":48},"end":{"line":82,"column":60}},"44":{"start":{"line":84,"column":12},"end":{"line":88,"column":15}},"45":{"start":{"line":92,"column":8},"end":{"line":107,"column":11}},"46":{"start":{"line":93,"column":25},"end":{"line":93,"column":54}},"47":{"start":{"line":94,"column":12},"end":{"line":97,"column":13}},"48":{"start":{"line":95,"column":16},"end":{"line":95,"column":77}},"49":{"start":{"line":96,"column":16},"end":{"line":96,"column":23}},"50":{"start":{"line":99,"column":27},"end":{"line":99,"column":56}},"51":{"start":{"line":100,"column":12},"end":{"line":106,"column":15}},"52":{"start":{"line":110,"column":8},"end":{"line":112,"column":11}},"53":{"start":{"line":111,"column":12},"end":{"line":111,"column":53}},"54":{"start":{"line":115,"column":8},"end":{"line":121,"column":11}},"55":{"start":{"line":120,"column":12},"end":{"line":120,"column":48}},"56":{"start":{"line":124,"column":8},"end":{"line":126,"column":11}},"57":{"start":{"line":125,"column":12},"end":{"line":125,"column":59}},"58":{"start":{"line":129,"column":8},"end":{"line":145,"column":11}},"59":{"start":{"line":130,"column":25},"end":{"line":130,"column":54}},"60":{"start":{"line":131,"column":12},"end":{"line":142,"column":13}},"61":{"start":{"line":133,"column":16},"end":{"line":138,"column":19}},"62":{"start":{"line":134,"column":20},"end":{"line":137,"column":23}},"63":{"start":{"line":140,"column":16},"end":{"line":140,"column":74}},"64":{"start":{"line":141,"column":16},"end":{"line":141,"column":49}},"65":{"start":{"line":144,"column":12},"end":{"line":144,"column":61}},"66":{"start":{"line":151,"column":4},"end":{"line":151,"column":20}},"67":{"start":{"line":151,"column":13},"end":{"line":151,"column":20}},"68":{"start":{"line":152,"column":4},"end":{"line":155,"column":7}},"69":{"start":{"line":156,"column":4},"end":{"line":156,"column":57}},"70":{"start":{"line":161,"column":4},"end":{"line":161,"column":20}},"71":{"start":{"line":161,"column":13},"end":{"line":161,"column":20}},"72":{"start":{"line":162,"column":19},"end":{"line":162,"column":43}},"73":{"start":{"line":163,"column":4},"end":{"line":167,"column":7}},"74":{"start":{"line":172,"column":4},"end":{"line":172,"column":14}},"75":{"start":{"line":177,"column":4},"end":{"line":177,"column":26}},"76":{"start":{"line":182,"column":4},"end":{"line":205,"column":7}}},"fnMap":{"0":{"name":"attachSocket","decl":{"start":{"line":19,"column":16},"end":{"line":19,"column":28}},"loc":{"start":{"line":19,"column":44},"end":{"line":30,"column":1}}},"1":{"name":"setupSocketEvents","decl":{"start":{"line":32,"column":9},"end":{"line":32,"column":26}},"loc":{"start":{"line":32,"column":43},"end":{"line":147,"column":1}}},"2":{"name":"(anonymous_2)","decl":{"start":{"line":33,"column":30},"end":{"line":33,"column":31}},"loc":{"start":{"line":33,"column":49},"end":{"line":146,"column":5}}},"3":{"name":"(anonymous_3)","decl":{"start":{"line":37,"column":34},"end":{"line":37,"column":35}},"loc":{"start":{"line":37,"column":81},"end":{"line":52,"column":9}}},"4":{"name":"(anonymous_4)","decl":{"start":{"line":55,"column":35},"end":{"line":55,"column":36}},"loc":{"start":{"line":55,"column":58},"end":{"line":73,"column":9}}},"5":{"name":"(anonymous_5)","decl":{"start":{"line":76,"column":36},"end":{"line":76,"column":37}},"loc":{"start":{"line":76,"column":59},"end":{"line":89,"column":9}}},"6":{"name":"(anonymous_6)","decl":{"start":{"line":82,"column":43},"end":{"line":82,"column":44}},"loc":{"start":{"line":82,"column":48},"end":{"line":82,"column":60}}},"7":{"name":"(anonymous_7)","decl":{"start":{"line":92,"column":37},"end":{"line":92,"column":38}},"loc":{"start":{"line":92,"column":66},"end":{"line":107,"column":9}}},"8":{"name":"(anonymous_8)","decl":{"start":{"line":110,"column":39},"end":{"line":110,"column":40}},"loc":{"start":{"line":110,"column":70},"end":{"line":112,"column":9}}},"9":{"name":"(anonymous_9)","decl":{"start":{"line":115,"column":34},"end":{"line":115,"column":35}},"loc":{"start":{"line":119,"column":13},"end":{"line":121,"column":9}}},"10":{"name":"(anonymous_10)","decl":{"start":{"line":124,"column":26},"end":{"line":124,"column":29}},"loc":{"start":{"line":124,"column":31},"end":{"line":126,"column":9}}},"11":{"name":"(anonymous_11)","decl":{"start":{"line":129,"column":32},"end":{"line":129,"column":35}},"loc":{"start":{"line":129,"column":37},"end":{"line":145,"column":9}}},"12":{"name":"(anonymous_12)","decl":{"start":{"line":133,"column":35},"end":{"line":133,"column":41}},"loc":{"start":{"line":133,"column":44},"end":{"line":138,"column":17}}},"13":{"name":"emitSystemEvent","decl":{"start":{"line":150,"column":16},"end":{"line":150,"column":31}},"loc":{"start":{"line":150,"column":76},"end":{"line":157,"column":1}}},"14":{"name":"emitDocumentEvent","decl":{"start":{"line":160,"column":16},"end":{"line":160,"column":33}},"loc":{"start":{"line":160,"column":98},"end":{"line":168,"column":1}}},"15":{"name":"getSocketIO","decl":{"start":{"line":171,"column":16},"end":{"line":171,"column":27}},"loc":{"start":{"line":171,"column":27},"end":{"line":173,"column":1}}},"16":{"name":"getConnectedUsers","decl":{"start":{"line":176,"column":16},"end":{"line":176,"column":33}},"loc":{"start":{"line":176,"column":33},"end":{"line":178,"column":1}}},"17":{"name":"info","decl":{"start":{"line":181,"column":22},"end":{"line":181,"column":26}},"loc":{"start":{"line":181,"column":55},"end":{"line":206,"column":1}}}},"branchMap":{"0":{"loc":{"start":{"line":20,"column":4},"end":{"line":20,"column":19}},"type":"if","locations":[{"start":{"line":20,"column":4},"end":{"line":20,"column":19}}]},"1":{"loc":{"start":{"line":38,"column":12},"end":{"line":41,"column":13}},"type":"if","locations":[{"start":{"line":38,"column":12},"end":{"line":41,"column":13}}]},"2":{"loc":{"start":{"line":38,"column":16},"end":{"line":38,"column":41}},"type":"binary-expr","locations":[{"start":{"line":38,"column":16},"end":{"line":38,"column":25}},{"start":{"line":38,"column":29},"end":{"line":38,"column":41}}]},"3":{"loc":{"start":{"line":57,"column":12},"end":{"line":60,"column":13}},"type":"if","locations":[{"start":{"line":57,"column":12},"end":{"line":60,"column":13}}]},"4":{"loc":{"start":{"line":78,"column":12},"end":{"line":78,"column":30}},"type":"if","locations":[{"start":{"line":78,"column":12},"end":{"line":78,"column":30}}]},"5":{"loc":{"start":{"line":94,"column":12},"end":{"line":97,"column":13}},"type":"if","locations":[{"start":{"line":94,"column":12},"end":{"line":97,"column":13}}]},"6":{"loc":{"start":{"line":131,"column":12},"end":{"line":142,"column":13}},"type":"if","locations":[{"start":{"line":131,"column":12},"end":{"line":142,"column":13}}]},"7":{"loc":{"start":{"line":151,"column":4},"end":{"line":151,"column":20}},"type":"if","locations":[{"start":{"line":151,"column":4},"end":{"line":151,"column":20}}]},"8":{"loc":{"start":{"line":161,"column":4},"end":{"line":161,"column":20}},"type":"if","locations":[{"start":{"line":161,"column":4},"end":{"line":161,"column":20}}]}},"s":{"0":3,"1":3,"2":3,"3":3,"4":3,"5":3,"6":3,"7":3,"8":3,"9":3,"10":3,"11":0,"12":0,"13":0,"14":0,"15":0,"16":0,"17":0,"18":0,"19":0,"20":0,"21":0,"22":0,"23":0,"24":0,"25":0,"26":0,"27":0,"28":0,"29":0,"30":0,"31":0,"32":0,"33":0,"34":0,"35":0,"36":0,"37":0,"38":0,"39":0,"40":0,"41":0,"42":0,"43":0,"44":0,"45":0,"46":0,"47":0,"48":0,"49":0,"50":0,"51":0,"52":0,"53":0,"54":0,"55":0,"56":0,"57":0,"58":0,"59":0,"60":0,"61":0,"62":0,"63":0,"64":0,"65":0,"66":0,"67":0,"68":0,"69":0,"70":0,"71":0,"72":0,"73":0,"74":0,"75":0,"76":0},"f":{"0":0,"1":0,"2":0,"3":0,"4":0,"5":0,"6":0,"7":0,"8":0,"9":0,"10":0,"11":0,"12":0,"13":0,"14":0,"15":0,"16":0,"17":0},"b":{"0":[0],"1":[0],"2":[0,0],"3":[0],"4":[0],"5":[0],"6":[0],"7":[0],"8":[0]}}
,"/workspace/src/legal-dashboard-api/src/middleware/error.middleware.ts": {"path":"/workspace/src/legal-dashboard-api/src/middleware/error.middleware.ts","statementMap":{"0":{"start":{"line":15,"column":0},"end":{"line":15,"column":16}},"1":{"start":{"line":2,"column":0},"end":{"line":2,"column":39}},"2":{"start":{"line":8,"column":8},"end":{"line":8,"column":23}},"3":{"start":{"line":9,"column":8},"end":{"line":9,"column":29}},"4":{"start":{"line":10,"column":8},"end":{"line":10,"column":31}},"5":{"start":{"line":4,"column":0},"end":{"line":4,"column":13}},"6":{"start":{"line":16,"column":4},"end":{"line":19,"column":5}},"7":{"start":{"line":17,"column":8},"end":{"line":17,"column":58}},"8":{"start":{"line":18,"column":8},"end":{"line":18,"column":97}},"9":{"start":{"line":20,"column":4},"end":{"line":20,"column":41}},"10":{"start":{"line":21,"column":4},"end":{"line":21,"column":68}}},"fnMap":{"0":{"name":"(anonymous_0)","decl":{"start":{"line":7,"column":4},"end":{"line":7,"column":16}},"loc":{"start":{"line":7,"column":66},"end":{"line":11,"column":5}}},"1":{"name":"errorHandler","decl":{"start":{"line":15,"column":16},"end":{"line":15,"column":28}},"loc":{"start":{"line":15,"column":92},"end":{"line":22,"column":1}}}},"branchMap":{"0":{"loc":{"start":{"line":16,"column":4},"end":{"line":19,"column":5}},"type":"if","locations":[{"start":{"line":16,"column":4},"end":{"line":19,"column":5}}]},"1":{"loc":{"start":{"line":18,"column":74},"end":{"line":18,"column":93}},"type":"binary-expr","locations":[{"start":{"line":18,"column":74},"end":{"line":18,"column":85}},{"start":{"line":18,"column":89},"end":{"line":18,"column":93}}]}},"s":{"0":1,"1":1,"2":0,"3":0,"4":0,"5":1,"6":0,"7":0,"8":0,"9":0,"10":0},"f":{"0":0,"1":0},"b":{"0":[0],"1":[0,0]}}
,"/workspace/src/legal-dashboard-api/src/services/auth.service.ts": {"path":"/workspace/src/legal-dashboard-api/src/services/auth.service.ts","statementMap":{"0":{"start":{"line":1,"column":0},"end":{"line":1,"column":30}},"1":{"start":{"line":2,"column":0},"end":{"line":2,"column":31}},"2":{"start":{"line":3,"column":0},"end":{"line":3,"column":34}},"3":{"start":{"line":4,"column":0},"end":{"line":4,"column":28}},"4":{"start":{"line":5,"column":0},"end":{"line":5,"column":39}},"5":{"start":{"line":6,"column":0},"end":{"line":6,"column":61}},"6":{"start":{"line":7,"column":0},"end":{"line":7,"column":49}},"7":{"start":{"line":10,"column":24},"end":{"line":12,"column":6}},"8":{"start":{"line":13,"column":25},"end":{"line":15,"column":6}},"9":{"start":{"line":16,"column":15},"end":{"line":16,"column":42}},"10":{"start":{"line":17,"column":4},"end":{"line":22,"column":7}},"11":{"start":{"line":23,"column":4},"end":{"line":23,"column":41}},"12":{"start":{"line":26,"column":13},"end":{"line":125,"column":2}},"13":{"start":{"line":28,"column":19},"end":{"line":28,"column":46}},"14":{"start":{"line":29,"column":19},"end":{"line":29,"column":25}},"15":{"start":{"line":30,"column":29},"end":{"line":30,"column":60}},"16":{"start":{"line":31,"column":8},"end":{"line":38,"column":11}},"17":{"start":{"line":39,"column":23},"end":{"line":39,"column":83}},"18":{"start":{"line":40,"column":8},"end":{"line":40,"column":79}},"19":{"start":{"line":44,"column":19},"end":{"line":44,"column":46}},"20":{"start":{"line":45,"column":21},"end":{"line":47,"column":null}},"21":{"start":{"line":49,"column":21},"end":{"line":49,"column":28}},"22":{"start":{"line":50,"column":8},"end":{"line":50,"column":58}},"23":{"start":{"line":50,"column":19},"end":{"line":50,"column":58}},"24":{"start":{"line":53,"column":21},"end":{"line":56,"column":12}},"25":{"start":{"line":57,"column":20},"end":{"line":57,"column":30}},"26":{"start":{"line":58,"column":8},"end":{"line":60,"column":9}},"27":{"start":{"line":59,"column":12},"end":{"line":59,"column":64}},"28":{"start":{"line":62,"column":19},"end":{"line":62,"column":69}},"29":{"start":{"line":63,"column":8},"end":{"line":75,"column":9}},"30":{"start":{"line":64,"column":29},"end":{"line":64,"column":61}},"31":{"start":{"line":65,"column":39},"end":{"line":65,"column":43}},"32":{"start":{"line":66,"column":12},"end":{"line":68,"column":13}},"33":{"start":{"line":67,"column":16},"end":{"line":67,"column":59}},"34":{"start":{"line":69,"column":12},"end":{"line":73,"column":13}},"35":{"start":{"line":70,"column":16},"end":{"line":70,"column":132}},"36":{"start":{"line":72,"column":16},"end":{"line":72,"column":135}},"37":{"start":{"line":74,"column":12},"end":{"line":74,"column":51}},"38":{"start":{"line":78,"column":8},"end":{"line":78,"column":110}},"39":{"start":{"line":80,"column":23},"end":{"line":80,"column":86}},"40":{"start":{"line":81,"column":8},"end":{"line":81,"column":105}},"41":{"start":{"line":85,"column":19},"end":{"line":85,"column":46}},"42":{"start":{"line":86,"column":20},"end":{"line":86,"column":115}},"43":{"start":{"line":87,"column":8},"end":{"line":87,"column":59}},"44":{"start":{"line":87,"column":18},"end":{"line":87,"column":59}},"45":{"start":{"line":88,"column":21},"end":{"line":88,"column":152}},"46":{"start":{"line":89,"column":8},"end":{"line":89,"column":53}},"47":{"start":{"line":89,"column":19},"end":{"line":89,"column":53}},"48":{"start":{"line":90,"column":8},"end":{"line":90,"column":32}},"49":{"start":{"line":94,"column":19},"end":{"line":94,"column":46}},"50":{"start":{"line":95,"column":8},"end":{"line":95,"column":70}},"51":{"start":{"line":99,"column":24},"end":{"line":99,"column":124}},"52":{"start":{"line":100,"column":19},"end":{"line":100,"column":46}},"53":{"start":{"line":101,"column":21},"end":{"line":104,"column":12}},"54":{"start":{"line":105,"column":8},"end":{"line":105,"column":53}},"55":{"start":{"line":105,"column":19},"end":{"line":105,"column":53}},"56":{"start":{"line":106,"column":8},"end":{"line":106,"column":20}},"57":{"start":{"line":110,"column":19},"end":{"line":110,"column":46}},"58":{"start":{"line":111,"column":21},"end":{"line":111,"column":117}},"59":{"start":{"line":112,"column":8},"end":{"line":112,"column":53}},"60":{"start":{"line":112,"column":19},"end":{"line":112,"column":53}},"61":{"start":{"line":113,"column":19},"end":{"line":113,"column":72}},"62":{"start":{"line":114,"column":8},"end":{"line":114,"column":57}},"63":{"start":{"line":114,"column":17},"end":{"line":114,"column":57}},"64":{"start":{"line":115,"column":24},"end":{"line":115,"column":58}},"65":{"start":{"line":116,"column":8},"end":{"line":116,"column":85}},"66":{"start":{"line":120,"column":19},"end":{"line":120,"column":46}},"67":{"start":{"line":121,"column":8},"end":{"line":123,"column":10}}},"fnMap":{"0":{"name":"signTokens","decl":{"start":{"line":9,"column":9},"end":{"line":9,"column":19}},"loc":{"start":{"line":9,"column":79},"end":{"line":24,"column":1}}},"1":{"name":"(anonymous_2)","decl":{"start":{"line":27,"column":4},"end":{"line":27,"column":9}},"loc":{"start":{"line":27,"column":71},"end":{"line":41,"column":5}}},"2":{"name":"(anonymous_3)","decl":{"start":{"line":43,"column":4},"end":{"line":43,"column":9}},"loc":{"start":{"line":43,"column":47},"end":{"line":82,"column":5}}},"3":{"name":"(anonymous_4)","decl":{"start":{"line":84,"column":4},"end":{"line":84,"column":9}},"loc":{"start":{"line":84,"column":31},"end":{"line":91,"column":5}}},"4":{"name":"(anonymous_5)","decl":{"start":{"line":93,"column":4},"end":{"line":93,"column":9}},"loc":{"start":{"line":93,"column":30},"end":{"line":96,"column":5}}},"5":{"name":"(anonymous_6)","decl":{"start":{"line":98,"column":4},"end":{"line":98,"column":9}},"loc":{"start":{"line":98,"column":36},"end":{"line":107,"column":5}}},"6":{"name":"(anonymous_7)","decl":{"start":{"line":109,"column":4},"end":{"line":109,"column":9}},"loc":{"start":{"line":109,"column":81},"end":{"line":117,"column":5}}},"7":{"name":"(anonymous_8)","decl":{"start":{"line":119,"column":4},"end":{"line":119,"column":9}},"loc":{"start":{"line":119,"column":19},"end":{"line":124,"column":5}}}},"branchMap":{"0":{"loc":{"start":{"line":50,"column":8},"end":{"line":50,"column":58}},"type":"if","locations":[{"start":{"line":50,"column":8},"end":{"line":50,"column":58}}]},"1":{"loc":{"start":{"line":58,"column":8},"end":{"line":60,"column":9}},"type":"if","locations":[{"start":{"line":58,"column":8},"end":{"line":60,"column":9}}]},"2":{"loc":{"start":{"line":58,"column":12},"end":{"line":58,"column":59}},"type":"binary-expr","locations":[{"start":{"line":58,"column":12},"end":{"line":58,"column":31}},{"start":{"line":58,"column":35},"end":{"line":58,"column":59}}]},"3":{"loc":{"start":{"line":63,"column":8},"end":{"line":75,"column":9}},"type":"if","locations":[{"start":{"line":63,"column":8},"end":{"line":75,"column":9}}]},"4":{"loc":{"start":{"line":64,"column":30},"end":{"line":64,"column":56}},"type":"binary-expr","locations":[{"start":{"line":64,"column":30},"end":{"line":64,"column":51}},{"start":{"line":64,"column":55},"end":{"line":64,"column":56}}]},"5":{"loc":{"start":{"line":66,"column":12},"end":{"line":68,"column":13}},"type":"if","locations":[{"start":{"line":66,"column":12},"end":{"line":68,"column":13}}]},"6":{"loc":{"start":{"line":69,"column":12},"end":{"line":73,"column":13}},"type":"if","locations":[{"start":{"line":69,"column":12},"end":{"line":73,"column":13}},{"start":{"line":71,"column":19},"end":{"line":73,"column":13}}]},"7":{"loc":{"start":{"line":87,"column":8},"end":{"line":87,"column":59}},"type":"if","locations":[{"start":{"line":87,"column":8},"end":{"line":87,"column":59}}]},"8":{"loc":{"start":{"line":89,"column":8},"end":{"line":89,"column":53}},"type":"if","locations":[{"start":{"line":89,"column":8},"end":{"line":89,"column":53}}]},"9":{"loc":{"start":{"line":105,"column":8},"end":{"line":105,"column":53}},"type":"if","locations":[{"start":{"line":105,"column":8},"end":{"line":105,"column":53}}]},"10":{"loc":{"start":{"line":112,"column":8},"end":{"line":112,"column":53}},"type":"if","locations":[{"start":{"line":112,"column":8},"end":{"line":112,"column":53}}]},"11":{"loc":{"start":{"line":114,"column":8},"end":{"line":114,"column":57}},"type":"if","locations":[{"start":{"line":114,"column":8},"end":{"line":114,"column":57}}]}},"s":{"0":1,"1":1,"2":1,"3":1,"4":1,"5":1,"6":1,"7":0,"8":0,"9":0,"10":0,"11":0,"12":1,"13":0,"14":0,"15":0,"16":0,"17":0,"18":0,"19":0,"20":0,"21":0,"22":0,"23":0,"24":0,"25":0,"26":0,"27":0,"28":0,"29":0,"30":0,"31":0,"32":0,"33":0,"34":0,"35":0,"36":0,"37":0,"38":0,"39":0,"40":0,"41":0,"42":0,"43":0,"44":0,"45":0,"46":0,"47":0,"48":0,"49":0,"50":0,"51":0,"52":0,"53":0,"54":0,"55":0,"56":0,"57":0,"58":0,"59":0,"60":0,"61":0,"62":0,"63":0,"64":0,"65":0,"66":0,"67":0},"f":{"0":0,"1":0,"2":0,"3":0,"4":0,"5":0,"6":0,"7":0},"b":{"0":[0],"1":[0],"2":[0,0],"3":[0],"4":[0,0],"5":[0],"6":[0,0],"7":[0],"8":[0],"9":[0],"10":[0],"11":[0]}}
,"/workspace/src/legal-dashboard-api/src/services/database.service.ts": {"path":"/workspace/src/legal-dashboard-api/src/services/database.service.ts","statementMap":{"0":{"start":{"line":1,"column":0},"end":{"line":1,"column":38}},"1":{"start":{"line":3,"column":0},"end":{"line":3,"column":39}},"2":{"start":{"line":4,"column":0},"end":{"line":4,"column":39}},"3":{"start":{"line":8,"column":12},"end":{"line":8,"column":34}},"4":{"start":{"line":10,"column":8},"end":{"line":10,"column":21}},"5":{"start":{"line":13,"column":8},"end":{"line":13,"column":39}},"6":{"start":{"line":13,"column":32},"end":{"line":13,"column":39}},"7":{"start":{"line":14,"column":8},"end":{"line":14,"column":39}},"8":{"start":{"line":15,"column":8},"end":{"line":15,"column":34}},"9":{"start":{"line":18,"column":8},"end":{"line":18,"column":40}},"10":{"start":{"line":18,"column":33},"end":{"line":18,"column":40}},"11":{"start":{"line":19,"column":8},"end":{"line":19,"column":40}},"12":{"start":{"line":20,"column":8},"end":{"line":20,"column":35}},"13":{"start":{"line":23,"column":8},"end":{"line":23,"column":40}},"14":{"start":{"line":23,"column":33},"end":{"line":23,"column":40}},"15":{"start":{"line":24,"column":8},"end":{"line":24,"column":42}},"16":{"start":{"line":25,"column":8},"end":{"line":25,"column":35}},"17":{"start":{"line":32,"column":8},"end":{"line":32,"column":37}},"18":{"start":{"line":33,"column":8},"end":{"line":33,"column":45}},"19":{"start":{"line":34,"column":8},"end":{"line":34,"column":47}},"20":{"start":{"line":37,"column":8},"end":{"line":37,"column":55}},"21":{"start":{"line":40,"column":8},"end":{"line":40,"column":41}},"22":{"start":{"line":43,"column":8},"end":{"line":43,"column":52}},"23":{"start":{"line":50,"column":8},"end":{"line":50,"column":70}},"24":{"start":{"line":51,"column":8},"end":{"line":51,"column":66}},"25":{"start":{"line":54,"column":8},"end":{"line":54,"column":27}},"26":{"start":{"line":58,"column":13},"end":{"line":58,"column":53}}},"fnMap":{"0":{"name":"(anonymous_1)","decl":{"start":{"line":9,"column":4},"end":{"line":9,"column":16}},"loc":{"start":{"line":9,"column":37},"end":{"line":11,"column":5}}},"1":{"name":"(anonymous_2)","decl":{"start":{"line":12,"column":4},"end":{"line":12,"column":9}},"loc":{"start":{"line":12,"column":9},"end":{"line":16,"column":5}}},"2":{"name":"(anonymous_3)","decl":{"start":{"line":17,"column":4},"end":{"line":17,"column":10}},"loc":{"start":{"line":17,"column":10},"end":{"line":21,"column":5}}},"3":{"name":"(anonymous_4)","decl":{"start":{"line":22,"column":4},"end":{"line":22,"column":12}},"loc":{"start":{"line":22,"column":12},"end":{"line":26,"column":5}}},"4":{"name":"(anonymous_5)","decl":{"start":{"line":31,"column":4},"end":{"line":31,"column":16}},"loc":{"start":{"line":31,"column":28},"end":{"line":35,"column":5}}},"5":{"name":"(anonymous_6)","decl":{"start":{"line":36,"column":4},"end":{"line":36,"column":9}},"loc":{"start":{"line":36,"column":58},"end":{"line":38,"column":5}}},"6":{"name":"(anonymous_7)","decl":{"start":{"line":39,"column":4},"end":{"line":39,"column":7}},"loc":{"start":{"line":39,"column":43},"end":{"line":41,"column":5}}},"7":{"name":"(anonymous_8)","decl":{"start":{"line":42,"column":4},"end":{"line":42,"column":15}},"loc":{"start":{"line":42,"column":15},"end":{"line":44,"column":5}}},"8":{"name":"(anonymous_9)","decl":{"start":{"line":49,"column":4},"end":{"line":49,"column":null}},"loc":{"start":{"line":49,"column":4},"end":{"line":52,"column":5}}},"9":{"name":"(anonymous_10)","decl":{"start":{"line":53,"column":4},"end":{"line":53,"column":13}},"loc":{"start":{"line":53,"column":13},"end":{"line":55,"column":5}}}},"branchMap":{"0":{"loc":{"start":{"line":13,"column":8},"end":{"line":13,"column":39}},"type":"if","locations":[{"start":{"line":13,"column":8},"end":{"line":13,"column":39}}]},"1":{"loc":{"start":{"line":18,"column":8},"end":{"line":18,"column":40}},"type":"if","locations":[{"start":{"line":18,"column":8},"end":{"line":18,"column":40}}]},"2":{"loc":{"start":{"line":23,"column":8},"end":{"line":23,"column":40}},"type":"if","locations":[{"start":{"line":23,"column":8},"end":{"line":23,"column":40}}]},"3":{"loc":{"start":{"line":36,"column":36},"end":{"line":36,"column":58}},"type":"default-arg","locations":[{"start":{"line":36,"column":56},"end":{"line":36,"column":58}}]},"4":{"loc":{"start":{"line":39,"column":21},"end":{"line":39,"column":43}},"type":"default-arg","locations":[{"start":{"line":39,"column":41},"end":{"line":39,"column":43}}]}},"s":{"0":2,"1":2,"2":2,"3":0,"4":0,"5":0,"6":0,"7":0,"8":0,"9":0,"10":0,"11":0,"12":0,"13":0,"14":0,"15":0,"16":0,"17":2,"18":2,"19":2,"20":0,"21":0,"22":0,"23":2,"24":2,"25":1,"26":2},"f":{"0":0,"1":0,"2":0,"3":0,"4":2,"5":0,"6":0,"7":0,"8":2,"9":1},"b":{"0":[0],"1":[0],"2":[0],"3":[0],"4":[0]}}
,"/workspace/src/legal-dashboard-api/src/services/document.service.ts": {"path":"/workspace/src/legal-dashboard-api/src/services/document.service.ts","statementMap":{"0":{"start":{"line":1,"column":0},"end":{"line":1,"column":36}},"1":{"start":{"line":2,"column":0},"end":{"line":2,"column":28}},"2":{"start":{"line":3,"column":0},"end":{"line":3,"column":53}},"3":{"start":{"line":8,"column":0},"end":{"line":8,"column":39}},"4":{"start":{"line":9,"column":0},"end":{"line":9,"column":70}},"5":{"start":{"line":13,"column":12},"end":{"line":13,"column":45}},"6":{"start":{"line":19,"column":20},"end":{"line":19,"column":44}},"7":{"start":{"line":20,"column":19},"end":{"line":20,"column":27}},"8":{"start":{"line":21,"column":24},"end":{"line":21,"column":25}},"9":{"start":{"line":22,"column":24},"end":{"line":22,"column":42}},"10":{"start":{"line":23,"column":21},"end":{"line":23,"column":54}},"11":{"start":{"line":25,"column":41},"end":{"line":44,"column":10}},"12":{"start":{"line":46,"column":28},"end":{"line":46,"column":49}},"13":{"start":{"line":47,"column":8},"end":{"line":92,"column":9}},"14":{"start":{"line":48,"column":12},"end":{"line":48,"column":32}},"15":{"start":{"line":51,"column":12},"end":{"line":64,"column":15}},"16":{"start":{"line":67,"column":12},"end":{"line":76,"column":15}},"17":{"start":{"line":78,"column":12},"end":{"line":78,"column":33}},"18":{"start":{"line":81,"column":12},"end":{"line":85,"column":15}},"19":{"start":{"line":87,"column":12},"end":{"line":87,"column":28}},"20":{"start":{"line":89,"column":12},"end":{"line":89,"column":35}},"21":{"start":{"line":90,"column":12},"end":{"line":90,"column":61}},"22":{"start":{"line":91,"column":12},"end":{"line":91,"column":24}},"23":{"start":{"line":99,"column":8},"end":{"line":117,"column":9}},"24":{"start":{"line":100,"column":29},"end":{"line":102,"column":17}},"25":{"start":{"line":104,"column":12},"end":{"line":106,"column":13}},"26":{"start":{"line":105,"column":16},"end":{"line":105,"column":28}},"27":{"start":{"line":109,"column":12},"end":{"line":113,"column":14}},"28":{"start":{"line":115,"column":12},"end":{"line":115,"column":58}},"29":{"start":{"line":116,"column":12},"end":{"line":116,"column":24}},"30":{"start":{"line":128,"column":20},"end":{"line":128,"column":44}},"31":{"start":{"line":130,"column":8},"end":{"line":227,"column":9}},"32":{"start":{"line":132,"column":36},"end":{"line":132,"column":66}},"33":{"start":{"line":133,"column":12},"end":{"line":135,"column":13}},"34":{"start":{"line":134,"column":16},"end":{"line":134,"column":28}},"35":{"start":{"line":138,"column":31},"end":{"line":138,"column":70}},"36":{"start":{"line":139,"column":35},"end":{"line":139,"column":73}},"37":{"start":{"line":140,"column":28},"end":{"line":142,"column":36}},"38":{"start":{"line":143,"column":31},"end":{"line":145,"column":39}},"39":{"start":{"line":148,"column":52},"end":{"line":170,"column":14}},"40":{"start":{"line":172,"column":32},"end":{"line":172,"column":53}},"41":{"start":{"line":173,"column":12},"end":{"line":223,"column":13}},"42":{"start":{"line":174,"column":16},"end":{"line":174,"column":36}},"43":{"start":{"line":177,"column":16},"end":{"line":191,"column":19}},"44":{"start":{"line":194,"column":16},"end":{"line":207,"column":17}},"45":{"start":{"line":195,"column":42},"end":{"line":195,"column":92}},"46":{"start":{"line":197,"column":20},"end":{"line":206,"column":23}},"47":{"start":{"line":209,"column":16},"end":{"line":209,"column":37}},"48":{"start":{"line":212,"column":16},"end":{"line":217,"column":19}},"49":{"start":{"line":219,"column":16},"end":{"line":219,"column":39}},"50":{"start":{"line":221,"column":16},"end":{"line":221,"column":39}},"51":{"start":{"line":222,"column":16},"end":{"line":222,"column":28}},"52":{"start":{"line":225,"column":12},"end":{"line":225,"column":61}},"53":{"start":{"line":226,"column":12},"end":{"line":226,"column":24}},"54":{"start":{"line":234,"column":8},"end":{"line":263,"column":9}},"55":{"start":{"line":235,"column":29},"end":{"line":235,"column":59}},"56":{"start":{"line":236,"column":12},"end":{"line":238,"column":13}},"57":{"start":{"line":237,"column":16},"end":{"line":237,"column":29}},"58":{"start":{"line":240,"column":32},"end":{"line":240,"column":53}},"59":{"start":{"line":241,"column":12},"end":{"line":259,"column":13}},"60":{"start":{"line":242,"column":16},"end":{"line":242,"column":36}},"61":{"start":{"line":245,"column":16},"end":{"line":245,"column":72}},"62":{"start":{"line":247,"column":16},"end":{"line":247,"column":37}},"63":{"start":{"line":250,"column":16},"end":{"line":253,"column":19}},"64":{"start":{"line":255,"column":16},"end":{"line":255,"column":28}},"65":{"start":{"line":257,"column":16},"end":{"line":257,"column":39}},"66":{"start":{"line":258,"column":16},"end":{"line":258,"column":28}},"67":{"start":{"line":261,"column":12},"end":{"line":261,"column":61}},"68":{"start":{"line":262,"column":12},"end":{"line":262,"column":24}},"69":{"start":{"line":286,"column":12},"end":{"line":286,"column":19}},"70":{"start":{"line":288,"column":23},"end":{"line":288,"column":41}},"71":{"start":{"line":290,"column":8},"end":{"line":352,"column":9}},"72":{"start":{"line":292,"column":36},"end":{"line":292,"column":38}},"73":{"start":{"line":293,"column":32},"end":{"line":293,"column":34}},"74":{"start":{"line":295,"column":12},"end":{"line":298,"column":13}},"75":{"start":{"line":296,"column":16},"end":{"line":296,"column":51}},"76":{"start":{"line":297,"column":16},"end":{"line":297,"column":41}},"77":{"start":{"line":300,"column":12},"end":{"line":303,"column":13}},"78":{"start":{"line":301,"column":16},"end":{"line":301,"column":53}},"79":{"start":{"line":302,"column":16},"end":{"line":302,"column":43}},"80":{"start":{"line":305,"column":12},"end":{"line":308,"column":13}},"81":{"start":{"line":306,"column":16},"end":{"line":306,"column":51}},"82":{"start":{"line":307,"column":16},"end":{"line":307,"column":41}},"83":{"start":{"line":310,"column":32},"end":{"line":312,"column":20}},"84":{"start":{"line":315,"column":32},"end":{"line":317,"column":21}},"85":{"start":{"line":319,"column":26},"end":{"line":319,"column":46}},"86":{"start":{"line":322,"column":37},"end":{"line":325,"column":14}},"87":{"start":{"line":326,"column":31},"end":{"line":326,"column":88}},"88":{"start":{"line":327,"column":26},"end":{"line":327,"column":62}},"89":{"start":{"line":329,"column":28},"end":{"line":334,"column":41}},"90":{"start":{"line":337,"column":26},"end":{"line":341,"column":15}},"91":{"start":{"line":337,"column":47},"end":{"line":341,"column":14}},"92":{"start":{"line":343,"column":12},"end":{"line":348,"column":14}},"93":{"start":{"line":350,"column":12},"end":{"line":350,"column":60}},"94":{"start":{"line":351,"column":12},"end":{"line":351,"column":24}},"95":{"start":{"line":376,"column":12},"end":{"line":376,"column":19}},"96":{"start":{"line":378,"column":23},"end":{"line":378,"column":41}},"97":{"start":{"line":380,"column":8},"end":{"line":458,"column":9}},"98":{"start":{"line":382,"column":36},"end":{"line":382,"column":38}},"99":{"start":{"line":383,"column":32},"end":{"line":383,"column":39}},"100":{"start":{"line":385,"column":12},"end":{"line":388,"column":13}},"101":{"start":{"line":386,"column":16},"end":{"line":386,"column":53}},"102":{"start":{"line":387,"column":16},"end":{"line":387,"column":41}},"103":{"start":{"line":390,"column":32},"end":{"line":392,"column":20}},"104":{"start":{"line":395,"column":32},"end":{"line":401,"column":21}},"105":{"start":{"line":403,"column":26},"end":{"line":403,"column":52}},"106":{"start":{"line":406,"column":28},"end":{"line":430,"column":14}},"107":{"start":{"line":433,"column":34},"end":{"line":447,"column":14}},"108":{"start":{"line":435,"column":37},"end":{"line":435,"column":69}},"109":{"start":{"line":436,"column":39},"end":{"line":436,"column":101}},"110":{"start":{"line":437,"column":32},"end":{"line":437,"column":69}},"111":{"start":{"line":440,"column":16},"end":{"line":446,"column":18}},"112":{"start":{"line":449,"column":12},"end":{"line":454,"column":14}},"113":{"start":{"line":456,"column":12},"end":{"line":456,"column":62}},"114":{"start":{"line":457,"column":12},"end":{"line":457,"column":24}},"115":{"start":{"line":467,"column":8},"end":{"line":481,"column":9}},"116":{"start":{"line":468,"column":29},"end":{"line":472,"column":22}},"117":{"start":{"line":474,"column":12},"end":{"line":477,"column":16}},"118":{"start":{"line":474,"column":38},"end":{"line":477,"column":14}},"119":{"start":{"line":479,"column":12},"end":{"line":479,"column":67}},"120":{"start":{"line":480,"column":12},"end":{"line":480,"column":24}},"121":{"start":{"line":491,"column":8},"end":{"line":508,"column":9}},"122":{"start":{"line":492,"column":31},"end":{"line":495,"column":34}},"123":{"start":{"line":497,"column":12},"end":{"line":499,"column":13}},"124":{"start":{"line":498,"column":16},"end":{"line":498,"column":28}},"125":{"start":{"line":501,"column":12},"end":{"line":504,"column":14}},"126":{"start":{"line":506,"column":12},"end":{"line":506,"column":66}},"127":{"start":{"line":507,"column":12},"end":{"line":507,"column":24}},"128":{"start":{"line":519,"column":8},"end":{"line":545,"column":9}},"129":{"start":{"line":521,"column":34},"end":{"line":521,"column":84}},"130":{"start":{"line":522,"column":12},"end":{"line":524,"column":13}},"131":{"start":{"line":523,"column":16},"end":{"line":523,"column":28}},"132":{"start":{"line":527,"column":36},"end":{"line":527,"column":74}},"133":{"start":{"line":528,"column":12},"end":{"line":530,"column":13}},"134":{"start":{"line":529,"column":16},"end":{"line":529,"column":28}},"135":{"start":{"line":533,"column":12},"end":{"line":541,"column":23}},"136":{"start":{"line":543,"column":12},"end":{"line":543,"column":69}},"137":{"start":{"line":544,"column":12},"end":{"line":544,"column":24}},"138":{"start":{"line":552,"column":8},"end":{"line":563,"column":9}},"139":{"start":{"line":553,"column":31},"end":{"line":557,"column":8}},"140":{"start":{"line":559,"column":12},"end":{"line":559,"column":51}},"141":{"start":{"line":559,"column":39},"end":{"line":559,"column":49}},"142":{"start":{"line":561,"column":12},"end":{"line":561,"column":69}},"143":{"start":{"line":562,"column":12},"end":{"line":562,"column":24}},"144":{"start":{"line":570,"column":8},"end":{"line":581,"column":9}},"145":{"start":{"line":571,"column":28},"end":{"line":575,"column":8}},"146":{"start":{"line":577,"column":12},"end":{"line":577,"column":46}},"147":{"start":{"line":577,"column":36},"end":{"line":577,"column":44}},"148":{"start":{"line":579,"column":12},"end":{"line":579,"column":66}},"149":{"start":{"line":580,"column":12},"end":{"line":580,"column":24}},"150":{"start":{"line":588,"column":8},"end":{"line":588,"column":73}},"151":{"start":{"line":592,"column":13},"end":{"line":592,"column":53}}},"fnMap":{"0":{"name":"(anonymous_1)","decl":{"start":{"line":12,"column":0},"end":{"line":12,"column":6}},"loc":{"start":{"line":12,"column":0},"end":{"line":590,"column":1}}},"1":{"name":"(anonymous_2)","decl":{"start":{"line":18,"column":4},"end":{"line":18,"column":9}},"loc":{"start":{"line":18,"column":70},"end":{"line":93,"column":5}}},"2":{"name":"(anonymous_3)","decl":{"start":{"line":98,"column":4},"end":{"line":98,"column":9}},"loc":{"start":{"line":98,"column":36},"end":{"line":118,"column":5}}},"3":{"name":"(anonymous_4)","decl":{"start":{"line":123,"column":4},"end":{"line":123,"column":9}},"loc":{"start":{"line":126,"column":22},"end":{"line":228,"column":5}}},"4":{"name":"(anonymous_5)","decl":{"start":{"line":233,"column":4},"end":{"line":233,"column":9}},"loc":{"start":{"line":233,"column":35},"end":{"line":264,"column":5}}},"5":{"name":"(anonymous_6)","decl":{"start":{"line":269,"column":4},"end":{"line":269,"column":9}},"loc":{"start":{"line":277,"column":5},"end":{"line":353,"column":5}}},"6":{"name":"(anonymous_7)","decl":{"start":{"line":337,"column":38},"end":{"line":337,"column":42}},"loc":{"start":{"line":337,"column":47},"end":{"line":341,"column":14}}},"7":{"name":"(anonymous_8)","decl":{"start":{"line":358,"column":4},"end":{"line":358,"column":9}},"loc":{"start":{"line":364,"column":10},"end":{"line":459,"column":5}}},"8":{"name":"(anonymous_9)","decl":{"start":{"line":433,"column":46},"end":{"line":433,"column":50}},"loc":{"start":{"line":433,"column":53},"end":{"line":447,"column":13}}},"9":{"name":"(anonymous_10)","decl":{"start":{"line":464,"column":4},"end":{"line":464,"column":9}},"loc":{"start":{"line":465,"column":26},"end":{"line":482,"column":5}}},"10":{"name":"(anonymous_11)","decl":{"start":{"line":474,"column":32},"end":{"line":474,"column":33}},"loc":{"start":{"line":474,"column":38},"end":{"line":477,"column":14}}},"11":{"name":"(anonymous_12)","decl":{"start":{"line":487,"column":4},"end":{"line":487,"column":9}},"loc":{"start":{"line":489,"column":23},"end":{"line":509,"column":5}}},"12":{"name":"(anonymous_13)","decl":{"start":{"line":514,"column":4},"end":{"line":514,"column":9}},"loc":{"start":{"line":517,"column":22},"end":{"line":546,"column":5}}},"13":{"name":"(anonymous_14)","decl":{"start":{"line":551,"column":4},"end":{"line":551,"column":9}},"loc":{"start":{"line":551,"column":23},"end":{"line":564,"column":5}}},"14":{"name":"(anonymous_15)","decl":{"start":{"line":559,"column":34},"end":{"line":559,"column":35}},"loc":{"start":{"line":559,"column":39},"end":{"line":559,"column":49}}},"15":{"name":"(anonymous_16)","decl":{"start":{"line":569,"column":4},"end":{"line":569,"column":9}},"loc":{"start":{"line":569,"column":20},"end":{"line":582,"column":5}}},"16":{"name":"(anonymous_17)","decl":{"start":{"line":577,"column":31},"end":{"line":577,"column":32}},"loc":{"start":{"line":577,"column":36},"end":{"line":577,"column":44}}},"17":{"name":"(anonymous_18)","decl":{"start":{"line":587,"column":12},"end":{"line":587,"column":31}},"loc":{"start":{"line":587,"column":47},"end":{"line":589,"column":5}}}},"branchMap":{"0":{"loc":{"start":{"line":22,"column":24},"end":{"line":22,"column":42}},"type":"binary-expr","locations":[{"start":{"line":22,"column":24},"end":{"line":22,"column":36}},{"start":{"line":22,"column":40},"end":{"line":22,"column":42}}]},"1":{"loc":{"start":{"line":27,"column":19},"end":{"line":27,"column":52}},"type":"binary-expr","locations":[{"start":{"line":27,"column":19},"end":{"line":27,"column":29}},{"start":{"line":27,"column":33},"end":{"line":27,"column":52}}]},"2":{"loc":{"start":{"line":29,"column":22},"end":{"line":29,"column":43}},"type":"binary-expr","locations":[{"start":{"line":29,"column":22},"end":{"line":29,"column":35}},{"start":{"line":29,"column":39},"end":{"line":29,"column":43}}]},"3":{"loc":{"start":{"line":30,"column":20},"end":{"line":30,"column":39}},"type":"binary-expr","locations":[{"start":{"line":30,"column":20},"end":{"line":30,"column":31}},{"start":{"line":30,"column":35},"end":{"line":30,"column":39}}]},"4":{"loc":{"start":{"line":31,"column":19},"end":{"line":31,"column":37}},"type":"binary-expr","locations":[{"start":{"line":31,"column":19},"end":{"line":31,"column":29}},{"start":{"line":31,"column":33},"end":{"line":31,"column":37}}]},"5":{"loc":{"start":{"line":32,"column":20},"end":{"line":32,"column":42}},"type":"binary-expr","locations":[{"start":{"line":32,"column":20},"end":{"line":32,"column":31}},{"start":{"line":32,"column":35},"end":{"line":32,"column":42}}]},"6":{"loc":{"start":{"line":33,"column":22},"end":{"line":33,"column":43}},"type":"binary-expr","locations":[{"start":{"line":33,"column":22},"end":{"line":33,"column":35}},{"start":{"line":33,"column":39},"end":{"line":33,"column":43}}]},"7":{"loc":{"start":{"line":34,"column":22},"end":{"line":34,"column":41}},"type":"binary-expr","locations":[{"start":{"line":34,"column":22},"end":{"line":34,"column":35}},{"start":{"line":34,"column":39},"end":{"line":34,"column":41}}]},"8":{"loc":{"start":{"line":35,"column":22},"end":{"line":35,"column":41}},"type":"binary-expr","locations":[{"start":{"line":35,"column":22},"end":{"line":35,"column":35}},{"start":{"line":35,"column":39},"end":{"line":35,"column":41}}]},"9":{"loc":{"start":{"line":104,"column":12},"end":{"line":106,"column":13}},"type":"if","locations":[{"start":{"line":104,"column":12},"end":{"line":106,"column":13}}]},"10":{"loc":{"start":{"line":133,"column":12},"end":{"line":135,"column":13}},"type":"if","locations":[{"start":{"line":133,"column":12},"end":{"line":135,"column":13}}]},"11":{"loc":{"start":{"line":138,"column":31},"end":{"line":138,"column":70}},"type":"binary-expr","locations":[{"start":{"line":138,"column":31},"end":{"line":138,"column":43}},{"start":{"line":138,"column":47},"end":{"line":138,"column":70}}]},"12":{"loc":{"start":{"line":140,"column":28},"end":{"line":142,"column":36}},"type":"cond-expr","locations":[{"start":{"line":141,"column":16},"end":{"line":141,"column":52}},{"start":{"line":142,"column":16},"end":{"line":142,"column":36}}]},"13":{"loc":{"start":{"line":143,"column":31},"end":{"line":145,"column":39}},"type":"cond-expr","locations":[{"start":{"line":144,"column":16},"end":{"line":144,"column":43}},{"start":{"line":145,"column":16},"end":{"line":145,"column":39}}]},"14":{"loc":{"start":{"line":150,"column":23},"end":{"line":150,"column":58}},"type":"binary-expr","locations":[{"start":{"line":150,"column":23},"end":{"line":150,"column":33}},{"start":{"line":150,"column":37},"end":{"line":150,"column":58}}]},"15":{"loc":{"start":{"line":152,"column":26},"end":{"line":152,"column":96}},"type":"cond-expr","locations":[{"start":{"line":152,"column":56},"end":{"line":152,"column":69}},{"start":{"line":152,"column":72},"end":{"line":152,"column":96}}]},"16":{"loc":{"start":{"line":153,"column":24},"end":{"line":153,"column":88}},"type":"cond-expr","locations":[{"start":{"line":153,"column":52},"end":{"line":153,"column":63}},{"start":{"line":153,"column":66},"end":{"line":153,"column":88}}]},"17":{"loc":{"start":{"line":154,"column":23},"end":{"line":154,"column":84}},"type":"cond-expr","locations":[{"start":{"line":154,"column":50},"end":{"line":154,"column":60}},{"start":{"line":154,"column":63},"end":{"line":154,"column":84}}]},"18":{"loc":{"start":{"line":155,"column":24},"end":{"line":155,"column":61}},"type":"binary-expr","locations":[{"start":{"line":155,"column":24},"end":{"line":155,"column":35}},{"start":{"line":155,"column":39},"end":{"line":155,"column":61}}]},"19":{"loc":{"start":{"line":156,"column":26},"end":{"line":156,"column":96}},"type":"cond-expr","locations":[{"start":{"line":156,"column":56},"end":{"line":156,"column":69}},{"start":{"line":156,"column":72},"end":{"line":156,"column":96}}]},"20":{"loc":{"start":{"line":157,"column":26},"end":{"line":157,"column":67}},"type":"binary-expr","locations":[{"start":{"line":157,"column":26},"end":{"line":157,"column":39}},{"start":{"line":157,"column":43},"end":{"line":157,"column":67}}]},"21":{"loc":{"start":{"line":160,"column":24},"end":{"line":160,"column":43}},"type":"binary-expr","locations":[{"start":{"line":160,"column":24},"end":{"line":160,"column":37}},{"start":{"line":160,"column":41},"end":{"line":160,"column":43}}]},"22":{"loc":{"start":{"line":166,"column":30},"end":{"line":167,"column":54}},"type":"cond-expr","locations":[{"start":{"line":167,"column":20},"end":{"line":167,"column":23}},{"start":{"line":167,"column":26},"end":{"line":167,"column":54}}]},"23":{"loc":{"start":{"line":166,"column":30},"end":{"line":166,"column":99}},"type":"binary-expr","locations":[{"start":{"line":166,"column":30},"end":{"line":166,"column":57}},{"start":{"line":166,"column":61},"end":{"line":166,"column":99}}]},"24":{"loc":{"start":{"line":168,"column":29},"end":{"line":169,"column":53}},"type":"cond-expr","locations":[{"start":{"line":169,"column":20},"end":{"line":169,"column":23}},{"start":{"line":169,"column":26},"end":{"line":169,"column":53}}]},"25":{"loc":{"start":{"line":168,"column":29},"end":{"line":168,"column":96}},"type":"binary-expr","locations":[{"start":{"line":168,"column":29},"end":{"line":168,"column":55}},{"start":{"line":168,"column":59},"end":{"line":168,"column":96}}]},"26":{"loc":{"start":{"line":194,"column":16},"end":{"line":207,"column":17}},"type":"if","locations":[{"start":{"line":194,"column":16},"end":{"line":207,"column":17}}]},"27":{"loc":{"start":{"line":195,"column":42},"end":{"line":195,"column":92}},"type":"binary-expr","locations":[{"start":{"line":195,"column":42},"end":{"line":195,"column":70}},{"start":{"line":195,"column":74},"end":{"line":195,"column":92}}]},"28":{"loc":{"start":{"line":236,"column":12},"end":{"line":238,"column":13}},"type":"if","locations":[{"start":{"line":236,"column":12},"end":{"line":238,"column":13}}]},"29":{"loc":{"start":{"line":279,"column":12},"end":{"line":279,"column":20}},"type":"default-arg","locations":[{"start":{"line":279,"column":19},"end":{"line":279,"column":20}}]},"30":{"loc":{"start":{"line":280,"column":12},"end":{"line":280,"column":22}},"type":"default-arg","locations":[{"start":{"line":280,"column":20},"end":{"line":280,"column":22}}]},"31":{"loc":{"start":{"line":284,"column":12},"end":{"line":284,"column":33}},"type":"default-arg","locations":[{"start":{"line":284,"column":21},"end":{"line":284,"column":33}}]},"32":{"loc":{"start":{"line":285,"column":12},"end":{"line":285,"column":30}},"type":"default-arg","locations":[{"start":{"line":285,"column":24},"end":{"line":285,"column":30}}]},"33":{"loc":{"start":{"line":295,"column":12},"end":{"line":298,"column":13}},"type":"if","locations":[{"start":{"line":295,"column":12},"end":{"line":298,"column":13}}]},"34":{"loc":{"start":{"line":300,"column":12},"end":{"line":303,"column":13}},"type":"if","locations":[{"start":{"line":300,"column":12},"end":{"line":303,"column":13}}]},"35":{"loc":{"start":{"line":305,"column":12},"end":{"line":308,"column":13}},"type":"if","locations":[{"start":{"line":305,"column":12},"end":{"line":308,"column":13}}]},"36":{"loc":{"start":{"line":310,"column":32},"end":{"line":312,"column":20}},"type":"cond-expr","locations":[{"start":{"line":311,"column":18},"end":{"line":311,"column":58}},{"start":{"line":312,"column":18},"end":{"line":312,"column":20}}]},"37":{"loc":{"start":{"line":326,"column":31},"end":{"line":326,"column":88}},"type":"cond-expr","locations":[{"start":{"line":326,"column":67},"end":{"line":326,"column":73}},{"start":{"line":326,"column":76},"end":{"line":326,"column":88}}]},"38":{"loc":{"start":{"line":327,"column":26},"end":{"line":327,"column":62}},"type":"cond-expr","locations":[{"start":{"line":327,"column":48},"end":{"line":327,"column":53}},{"start":{"line":327,"column":56},"end":{"line":327,"column":62}}]},"39":{"loc":{"start":{"line":358,"column":41},"end":{"line":364,"column":10}},"type":"default-arg","locations":[{"start":{"line":364,"column":8},"end":{"line":364,"column":10}}]},"40":{"loc":{"start":{"line":371,"column":12},"end":{"line":371,"column":20}},"type":"default-arg","locations":[{"start":{"line":371,"column":19},"end":{"line":371,"column":20}}]},"41":{"loc":{"start":{"line":372,"column":12},"end":{"line":372,"column":22}},"type":"default-arg","locations":[{"start":{"line":372,"column":20},"end":{"line":372,"column":22}}]},"42":{"loc":{"start":{"line":373,"column":12},"end":{"line":373,"column":35}},"type":"default-arg","locations":[{"start":{"line":373,"column":29},"end":{"line":373,"column":35}}]},"43":{"loc":{"start":{"line":374,"column":12},"end":{"line":374,"column":34}},"type":"default-arg","locations":[{"start":{"line":374,"column":27},"end":{"line":374,"column":34}}]},"44":{"loc":{"start":{"line":385,"column":12},"end":{"line":388,"column":13}},"type":"if","locations":[{"start":{"line":385,"column":12},"end":{"line":388,"column":13}}]},"45":{"loc":{"start":{"line":390,"column":32},"end":{"line":392,"column":20}},"type":"cond-expr","locations":[{"start":{"line":391,"column":18},"end":{"line":391,"column":56}},{"start":{"line":392,"column":18},"end":{"line":392,"column":20}}]},"46":{"loc":{"start":{"line":403,"column":26},"end":{"line":403,"column":52}},"type":"binary-expr","locations":[{"start":{"line":403,"column":26},"end":{"line":403,"column":47}},{"start":{"line":403,"column":51},"end":{"line":403,"column":52}}]},"47":{"loc":{"start":{"line":423,"column":10},"end":{"line":423,"column":71}},"type":"cond-expr","locations":[{"start":{"line":423,"column":35},"end":{"line":423,"column":66}},{"start":{"line":423,"column":69},"end":{"line":423,"column":71}}]},"48":{"loc":{"start":{"line":429,"column":20},"end":{"line":429,"column":59}},"type":"cond-expr","locations":[{"start":{"line":429,"column":34},"end":{"line":429,"column":54}},{"start":{"line":429,"column":57},"end":{"line":429,"column":59}}]},"49":{"loc":{"start":{"line":435,"column":37},"end":{"line":435,"column":69}},"type":"binary-expr","locations":[{"start":{"line":435,"column":37},"end":{"line":435,"column":55}},{"start":{"line":435,"column":59},"end":{"line":435,"column":69}}]},"50":{"loc":{"start":{"line":436,"column":39},"end":{"line":436,"column":101}},"type":"binary-expr","locations":[{"start":{"line":436,"column":39},"end":{"line":436,"column":59}},{"start":{"line":436,"column":63},"end":{"line":436,"column":101}}]},"51":{"loc":{"start":{"line":497,"column":12},"end":{"line":499,"column":13}},"type":"if","locations":[{"start":{"line":497,"column":12},"end":{"line":499,"column":13}}]},"52":{"loc":{"start":{"line":522,"column":12},"end":{"line":524,"column":13}},"type":"if","locations":[{"start":{"line":522,"column":12},"end":{"line":524,"column":13}}]},"53":{"loc":{"start":{"line":528,"column":12},"end":{"line":530,"column":13}},"type":"if","locations":[{"start":{"line":528,"column":12},"end":{"line":530,"column":13}}]}},"s":{"0":2,"1":2,"2":2,"3":2,"4":2,"5":2,"6":2,"7":2,"8":2,"9":2,"10":2,"11":2,"12":2,"13":2,"14":2,"15":2,"16":1,"17":1,"18":1,"19":1,"20":1,"21":1,"22":1,"23":2,"24":2,"25":2,"26":1,"27":1,"28":0,"29":0,"30":2,"31":2,"32":2,"33":2,"34":0,"35":2,"36":2,"37":2,"38":2,"39":2,"40":2,"41":2,"42":2,"43":2,"44":1,"45":1,"46":1,"47":1,"48":1,"49":1,"50":1,"51":1,"52":1,"53":1,"54":0,"55":0,"56":0,"57":0,"58":0,"59":0,"60":0,"61":0,"62":0,"63":0,"64":0,"65":0,"66":0,"67":0,"68":0,"69":0,"70":0,"71":0,"72":0,"73":0,"74":0,"75":0,"76":0,"77":0,"78":0,"79":0,"80":0,"81":0,"82":0,"83":0,"84":0,"85":0,"86":0,"87":0,"88":0,"89":0,"90":0,"91":0,"92":0,"93":0,"94":0,"95":1,"96":1,"97":1,"98":1,"99":1,"100":1,"101":0,"102":0,"103":1,"104":1,"105":1,"106":1,"107":1,"108":1,"109":1,"110":1,"111":1,"112":1,"113":0,"114":0,"115":0,"116":0,"117":0,"118":0,"119":0,"120":0,"121":0,"122":0,"123":0,"124":0,"125":0,"126":0,"127":0,"128":0,"129":0,"130":0,"131":0,"132":0,"133":0,"134":0,"135":0,"136":0,"137":0,"138":0,"139":0,"140":0,"141":0,"142":0,"143":0,"144":0,"145":0,"146":0,"147":0,"148":0,"149":0,"150":3,"151":2},"f":{"0":2,"1":2,"2":2,"3":2,"4":0,"5":0,"6":0,"7":1,"8":1,"9":0,"10":0,"11":0,"12":0,"13":0,"14":0,"15":0,"16":0,"17":3},"b":{"0":[2,0],"1":[2,0],"2":[2,2],"3":[2,2],"4":[2,2],"5":[2,2],"6":[2,2],"7":[2,2],"8":[2,2],"9":[1],"10":[0],"11":[2,1],"12":[1,1],"13":[1,1],"14":[2,0],"15":[0,2],"16":[0,2],"17":[0,2],"18":[2,2],"19":[0,2],"20":[2,2],"21":[2,2],"22":[0,2],"23":[2,0],"24":[0,2],"25":[2,0],"26":[1],"27":[1,1],"28":[0],"29":[0],"30":[0],"31":[0],"32":[0],"33":[0],"34":[0],"35":[0],"36":[0,0],"37":[0,0],"38":[0,0],"39":[1],"40":[1],"41":[1],"42":[1],"43":[1],"44":[0],"45":[0,1],"46":[1,0],"47":[0,1],"48":[0,1],"49":[1,0],"50":[1,0],"51":[0],"52":[0],"53":[0]}}
,"/workspace/src/legal-dashboard-api/src/utils/config.ts": {"path":"/workspace/src/legal-dashboard-api/src/utils/config.ts","statementMap":{"0":{"start":{"line":1,"column":13},"end":{"line":18,"column":11}}},"fnMap":{},"branchMap":{"0":{"loc":{"start":{"line":2,"column":17},"end":{"line":2,"column":41}},"type":"binary-expr","locations":[{"start":{"line":2,"column":17},"end":{"line":2,"column":33}},{"start":{"line":2,"column":37},"end":{"line":2,"column":41}}]},"1":{"loc":{"start":{"line":3,"column":14},"end":{"line":3,"column":51}},"type":"binary-expr","locations":[{"start":{"line":3,"column":14},"end":{"line":3,"column":34}},{"start":{"line":3,"column":38},"end":{"line":3,"column":51}}]},"2":{"loc":{"start":{"line":4,"column":18},"end":{"line":4,"column":77}},"type":"binary-expr","locations":[{"start":{"line":4,"column":18},"end":{"line":4,"column":42}},{"start":{"line":4,"column":46},"end":{"line":4,"column":77}}]},"3":{"loc":{"start":{"line":5,"column":16},"end":{"line":5,"column":54}},"type":"binary-expr","locations":[{"start":{"line":5,"column":16},"end":{"line":5,"column":38}},{"start":{"line":5,"column":42},"end":{"line":5,"column":54}}]},"4":{"loc":{"start":{"line":6,"column":20},"end":{"line":6,"column":54}},"type":"binary-expr","locations":[{"start":{"line":6,"column":20},"end":{"line":6,"column":46}},{"start":{"line":6,"column":50},"end":{"line":6,"column":54}}]},"5":{"loc":{"start":{"line":7,"column":28},"end":{"line":7,"column":70}},"type":"binary-expr","locations":[{"start":{"line":7,"column":28},"end":{"line":7,"column":62}},{"start":{"line":7,"column":66},"end":{"line":7,"column":70}}]},"6":{"loc":{"start":{"line":8,"column":17},"end":{"line":8,"column":67}},"type":"binary-expr","locations":[{"start":{"line":8,"column":17},"end":{"line":8,"column":40}},{"start":{"line":8,"column":44},"end":{"line":8,"column":67}}]},"7":{"loc":{"start":{"line":9,"column":33},"end":{"line":9,"column":75}},"type":"binary-expr","locations":[{"start":{"line":9,"column":33},"end":{"line":9,"column":65}},{"start":{"line":9,"column":69},"end":{"line":9,"column":75}}]},"8":{"loc":{"start":{"line":10,"column":36},"end":{"line":10,"column":78}},"type":"binary-expr","locations":[{"start":{"line":10,"column":36},"end":{"line":10,"column":71}},{"start":{"line":10,"column":75},"end":{"line":10,"column":78}}]},"9":{"loc":{"start":{"line":11,"column":28},"end":{"line":11,"column":67}},"type":"binary-expr","locations":[{"start":{"line":11,"column":28},"end":{"line":11,"column":55}},{"start":{"line":11,"column":59},"end":{"line":11,"column":67}}]},"10":{"loc":{"start":{"line":12,"column":17},"end":{"line":12,"column":55}},"type":"binary-expr","locations":[{"start":{"line":12,"column":17},"end":{"line":12,"column":40}},{"start":{"line":12,"column":44},"end":{"line":12,"column":55}}]},"11":{"loc":{"start":{"line":13,"column":15},"end":{"line":13,"column":46}},"type":"binary-expr","locations":[{"start":{"line":13,"column":15},"end":{"line":13,"column":36}},{"start":{"line":13,"column":40},"end":{"line":13,"column":46}}]},"12":{"loc":{"start":{"line":14,"column":22},"end":{"line":14,"column":51}},"type":"binary-expr","locations":[{"start":{"line":14,"column":22},"end":{"line":14,"column":43}},{"start":{"line":14,"column":47},"end":{"line":14,"column":51}}]},"13":{"loc":{"start":{"line":15,"column":20},"end":{"line":15,"column":60}},"type":"binary-expr","locations":[{"start":{"line":15,"column":20},"end":{"line":15,"column":46}},{"start":{"line":15,"column":50},"end":{"line":15,"column":60}}]},"14":{"loc":{"start":{"line":16,"column":30},"end":{"line":16,"column":67}},"type":"binary-expr","locations":[{"start":{"line":16,"column":30},"end":{"line":16,"column":59}},{"start":{"line":16,"column":63},"end":{"line":16,"column":67}}]},"15":{"loc":{"start":{"line":17,"column":27},"end":{"line":17,"column":61}},"type":"binary-expr","locations":[{"start":{"line":17,"column":27},"end":{"line":17,"column":53}},{"start":{"line":17,"column":57},"end":{"line":17,"column":61}}]}},"s":{"0":6},"f":{},"b":{"0":[6,6],"1":[6,0],"2":[6,6],"3":[6,6],"4":[6,6],"5":[6,6],"6":[6,6],"7":[6,6],"8":[6,6],"9":[6,6],"10":[6,6],"11":[6,6],"12":[6,6],"13":[6,6],"14":[6,6],"15":[6,6]}}
,"/workspace/src/legal-dashboard-api/src/utils/logger.ts": {"path":"/workspace/src/legal-dashboard-api/src/utils/logger.ts","statementMap":{"0":{"start":{"line":2,"column":0},"end":{"line":2,"column":34}},"1":{"start":{"line":6,"column":42},"end":{"line":11,"column":2}},"2":{"start":{"line":13,"column":16},"end":{"line":18,"column":4}},"3":{"start":{"line":14,"column":16},"end":{"line":14,"column":58}},"4":{"start":{"line":15,"column":4},"end":{"line":17,"column":17}},"5":{"start":{"line":21,"column":4},"end":{"line":25,"column":5}},"6":{"start":{"line":22,"column":19},"end":{"line":22,"column":43}},"7":{"start":{"line":24,"column":8},"end":{"line":24,"column":79}},"8":{"start":{"line":28,"column":13},"end":{"line":33,"column":2}},"9":{"start":{"line":29,"column":44},"end":{"line":29,"column":67}},"10":{"start":{"line":30,"column":43},"end":{"line":30,"column":65}},"11":{"start":{"line":31,"column":43},"end":{"line":31,"column":65}},"12":{"start":{"line":32,"column":44},"end":{"line":32,"column":67}}},"fnMap":{"0":{"name":"(anonymous_0)","decl":{"start":{"line":13,"column":17},"end":{"line":13,"column":27}},"loc":{"start":{"line":13,"column":29},"end":{"line":18,"column":1}}},"1":{"name":"log","decl":{"start":{"line":20,"column":9},"end":{"line":20,"column":12}},"loc":{"start":{"line":20,"column":58},"end":{"line":26,"column":1}}},"2":{"name":"(anonymous_2)","decl":{"start":{"line":29,"column":11},"end":{"line":29,"column":12}},"loc":{"start":{"line":29,"column":44},"end":{"line":29,"column":67}}},"3":{"name":"(anonymous_3)","decl":{"start":{"line":30,"column":10},"end":{"line":30,"column":11}},"loc":{"start":{"line":30,"column":43},"end":{"line":30,"column":65}}},"4":{"name":"(anonymous_4)","decl":{"start":{"line":31,"column":10},"end":{"line":31,"column":11}},"loc":{"start":{"line":31,"column":43},"end":{"line":31,"column":65}}},"5":{"name":"(anonymous_5)","decl":{"start":{"line":32,"column":11},"end":{"line":32,"column":12}},"loc":{"start":{"line":32,"column":44},"end":{"line":32,"column":67}}}},"branchMap":{"0":{"loc":{"start":{"line":14,"column":17},"end":{"line":14,"column":43}},"type":"binary-expr","locations":[{"start":{"line":14,"column":17},"end":{"line":14,"column":33}},{"start":{"line":14,"column":37},"end":{"line":14,"column":43}}]},"1":{"loc":{"start":{"line":15,"column":12},"end":{"line":17,"column":16}},"type":"cond-expr","locations":[{"start":{"line":16,"column":11},"end":{"line":16,"column":24}},{"start":{"line":17,"column":10},"end":{"line":17,"column":16}}]},"2":{"loc":{"start":{"line":21,"column":4},"end":{"line":25,"column":5}},"type":"if","locations":[{"start":{"line":21,"column":4},"end":{"line":25,"column":5}}]},"3":{"loc":{"start":{"line":24,"column":67},"end":{"line":24,"column":77}},"type":"binary-expr","locations":[{"start":{"line":24,"column":67},"end":{"line":24,"column":71}},{"start":{"line":24,"column":75},"end":{"line":24,"column":77}}]}},"s":{"0":3,"1":3,"2":3,"3":3,"4":3,"5":3,"6":3,"7":3,"8":3,"9":2,"10":0,"11":1,"12":0},"f":{"0":3,"1":3,"2":2,"3":0,"4":1,"5":0},"b":{"0":[3,0],"1":[3,0],"2":[3],"3":[3,1]}}
}
